Analysis & Synthesis report for recpu
Sat Jun 17 16:15:03 2017
Quartus II Version 9.0 Build 235 06/17/2009 Service Pack 2 SJ Web Edition


---------------------
; Table of Contents ;
---------------------
  1. Legal Notice
  2. Analysis & Synthesis Summary
  3. Analysis & Synthesis Settings
  4. Analysis & Synthesis Source Files Read
  5. Analysis & Synthesis Resource Usage Summary
  6. Analysis & Synthesis Resource Utilization by Entity
  7. User-Specified and Inferred Latches
  8. Registers Removed During Synthesis
  9. Removed Registers Triggering Further Register Optimizations
 10. General Register Statistics
 11. Multiplexer Restructuring Statistics (Restructuring Performed)
 12. Analysis & Synthesis Messages



----------------
; Legal Notice ;
----------------
Copyright (C) 1991-2009 Altera Corporation
Your use of Altera Corporation's design tools, logic functions 
and other software and tools, and its AMPP partner logic 
functions, and any output files from any of the foregoing 
(including device programming or simulation files), and any 
associated documentation or information are expressly subject 
to the terms and conditions of the Altera Program License 
Subscription Agreement, Altera MegaCore Function License 
Agreement, or other applicable license agreement, including, 
without limitation, that your use is for the sole purpose of 
programming logic devices manufactured by Altera and sold by 
Altera or its authorized distributors.  Please refer to the 
applicable agreement for further details.



+-----------------------------------------------------------------------------------+
; Analysis & Synthesis Summary                                                      ;
+------------------------------------+----------------------------------------------+
; Analysis & Synthesis Status        ; Successful - Sat Jun 17 16:15:03 2017        ;
; Quartus II Version                 ; 9.0 Build 235 06/17/2009 SP 2 SJ Web Edition ;
; Revision Name                      ; recpu                                        ;
; Top-level Entity Name              ; recpu                                        ;
; Family                             ; Cyclone III                                  ;
; Total logic elements               ; 40                                           ;
;     Total combinational functions  ; 40                                           ;
;     Dedicated logic registers      ; 4                                            ;
; Total registers                    ; 4                                            ;
; Total pins                         ; 35                                           ;
; Total virtual pins                 ; 0                                            ;
; Total memory bits                  ; 0                                            ;
; Embedded Multiplier 9-bit elements ; 0                                            ;
; Total PLLs                         ; 0                                            ;
+------------------------------------+----------------------------------------------+


+--------------------------------------------------------------------------------------------------------+
; Analysis & Synthesis Settings                                                                          ;
+--------------------------------------------------------------+--------------------+--------------------+
; Option                                                       ; Setting            ; Default Value      ;
+--------------------------------------------------------------+--------------------+--------------------+
; Device                                                       ; EP3C40F780C8       ;                    ;
; Top-level entity name                                        ; recpu              ; recpu              ;
; Family name                                                  ; Cyclone III        ; Stratix II         ;
; Use Generated Physical Constraints File                      ; Off                ;                    ;
; Use smart compilation                                        ; Off                ; Off                ;
; Restructure Multiplexers                                     ; Auto               ; Auto               ;
; Create Debugging Nodes for IP Cores                          ; Off                ; Off                ;
; Preserve fewer node names                                    ; On                 ; On                 ;
; Disable OpenCore Plus hardware evaluation                    ; Off                ; Off                ;
; Verilog Version                                              ; Verilog_2001       ; Verilog_2001       ;
; VHDL Version                                                 ; VHDL93             ; VHDL93             ;
; State Machine Processing                                     ; Auto               ; Auto               ;
; Safe State Machine                                           ; Off                ; Off                ;
; Extract Verilog State Machines                               ; On                 ; On                 ;
; Extract VHDL State Machines                                  ; On                 ; On                 ;
; Ignore Verilog initial constructs                            ; Off                ; Off                ;
; Iteration limit for constant Verilog loops                   ; 5000               ; 5000               ;
; Iteration limit for non-constant Verilog loops               ; 250                ; 250                ;
; Add Pass-Through Logic to Inferred RAMs                      ; On                 ; On                 ;
; Parallel Synthesis                                           ; Off                ; Off                ;
; DSP Block Balancing                                          ; Auto               ; Auto               ;
; NOT Gate Push-Back                                           ; On                 ; On                 ;
; Power-Up Don't Care                                          ; On                 ; On                 ;
; Remove Redundant Logic Cells                                 ; Off                ; Off                ;
; Remove Duplicate Registers                                   ; On                 ; On                 ;
; Ignore CARRY Buffers                                         ; Off                ; Off                ;
; Ignore CASCADE Buffers                                       ; Off                ; Off                ;
; Ignore GLOBAL Buffers                                        ; Off                ; Off                ;
; Ignore ROW GLOBAL Buffers                                    ; Off                ; Off                ;
; Ignore LCELL Buffers                                         ; Off                ; Off                ;
; Ignore SOFT Buffers                                          ; On                 ; On                 ;
; Limit AHDL Integers to 32 Bits                               ; Off                ; Off                ;
; Optimization Technique                                       ; Balanced           ; Balanced           ;
; Carry Chain Length                                           ; 70                 ; 70                 ;
; Auto Carry Chains                                            ; On                 ; On                 ;
; Auto Open-Drain Pins                                         ; On                 ; On                 ;
; Perform WYSIWYG Primitive Resynthesis                        ; Off                ; Off                ;
; Auto ROM Replacement                                         ; On                 ; On                 ;
; Auto RAM Replacement                                         ; On                 ; On                 ;
; Auto DSP Block Replacement                                   ; On                 ; On                 ;
; Auto Shift Register Replacement                              ; Auto               ; Auto               ;
; Auto Clock Enable Replacement                                ; On                 ; On                 ;
; Strict RAM Replacement                                       ; Off                ; Off                ;
; Allow Synchronous Control Signals                            ; On                 ; On                 ;
; Force Use of Synchronous Clear Signals                       ; Off                ; Off                ;
; Auto RAM Block Balancing                                     ; On                 ; On                 ;
; Auto RAM to Logic Cell Conversion                            ; Off                ; Off                ;
; Auto Resource Sharing                                        ; Off                ; Off                ;
; Allow Any RAM Size For Recognition                           ; Off                ; Off                ;
; Allow Any ROM Size For Recognition                           ; Off                ; Off                ;
; Allow Any Shift Register Size For Recognition                ; Off                ; Off                ;
; Use LogicLock Constraints during Resource Balancing          ; On                 ; On                 ;
; Ignore translate_off and synthesis_off directives            ; Off                ; Off                ;
; Timing-Driven Synthesis                                      ; Off                ; Off                ;
; Show Parameter Settings Tables in Synthesis Report           ; On                 ; On                 ;
; Ignore Maximum Fan-Out Assignments                           ; Off                ; Off                ;
; Synchronization Register Chain Length                        ; 2                  ; 2                  ;
; PowerPlay Power Optimization                                 ; Normal compilation ; Normal compilation ;
; HDL message level                                            ; Level2             ; Level2             ;
; Suppress Register Optimization Related Messages              ; Off                ; Off                ;
; Number of Removed Registers Reported in Synthesis Report     ; 100                ; 100                ;
; Number of Inverted Registers Reported in Synthesis Report    ; 100                ; 100                ;
; Clock MUX Protection                                         ; On                 ; On                 ;
; Auto Gated Clock Conversion                                  ; Off                ; Off                ;
; Block Design Naming                                          ; Auto               ; Auto               ;
; SDC constraint protection                                    ; Off                ; Off                ;
; Synthesis Effort                                             ; Auto               ; Auto               ;
; Shift Register Replacement - Allow Asynchronous Clear Signal ; On                 ; On                 ;
; Analysis & Synthesis Message Level                           ; Medium             ; Medium             ;
+--------------------------------------------------------------+--------------------+--------------------+


+------------------------------------------------------------------------------------------------------------+
; Analysis & Synthesis Source Files Read                                                                     ;
+----------------------------------+-----------------+-----------------+-------------------------------------+
; File Name with User-Entered Path ; Used in Netlist ; File Type       ; File Name with Absolute Path        ;
+----------------------------------+-----------------+-----------------+-------------------------------------+
; recpu.vhd                        ; yes             ; User VHDL File  ; G:/计算机组成原理实验/cpu/recpu.vhd ;
+----------------------------------+-----------------+-----------------+-------------------------------------+


+-----------------------------------------------------------+
; Analysis & Synthesis Resource Usage Summary               ;
+---------------------------------------------+-------------+
; Resource                                    ; Usage       ;
+---------------------------------------------+-------------+
; Estimated Total logic elements              ; 40          ;
;                                             ;             ;
; Total combinational functions               ; 40          ;
; Logic element usage by number of LUT inputs ;             ;
;     -- 4 input functions                    ; 19          ;
;     -- 3 input functions                    ; 20          ;
;     -- <=2 input functions                  ; 1           ;
;                                             ;             ;
; Logic elements by mode                      ;             ;
;     -- normal mode                          ; 40          ;
;     -- arithmetic mode                      ; 0           ;
;                                             ;             ;
; Total registers                             ; 4           ;
;     -- Dedicated logic registers            ; 4           ;
;     -- I/O registers                        ; 0           ;
;                                             ;             ;
; I/O pins                                    ; 35          ;
; Maximum fan-out node                        ; RA[1]~input ;
; Maximum fan-out                             ; 10          ;
; Total fan-out                               ; 188         ;
; Average fan-out                             ; 1.65        ;
+---------------------------------------------+-------------+


+-----------------------------------------------------------------------------------------------------------------------------------------------------------------------------+
; Analysis & Synthesis Resource Utilization by Entity                                                                                                                         ;
+----------------------------+-------------------+--------------+-------------+--------------+---------+-----------+------+--------------+---------------------+--------------+
; Compilation Hierarchy Node ; LC Combinationals ; LC Registers ; Memory Bits ; DSP Elements ; DSP 9x9 ; DSP 18x18 ; Pins ; Virtual Pins ; Full Hierarchy Name ; Library Name ;
+----------------------------+-------------------+--------------+-------------+--------------+---------+-----------+------+--------------+---------------------+--------------+
; |recpu                     ; 40 (40)           ; 4 (4)        ; 0           ; 0            ; 0       ; 0         ; 35   ; 0            ; |recpu              ; work         ;
+----------------------------+-------------------+--------------+-------------+--------------+---------+-----------+------+--------------+---------------------+--------------+
Note: For table entries with two numbers listed, the numbers in parentheses indicate the number of resources of the given type used by the specific entity alone. The numbers listed outside of parentheses indicate the total resources of the given type used by the specific entity and all of its sub-entities in the hierarchy.


+----------------------------------------------------------------------------------------------------+
; User-Specified and Inferred Latches                                                                ;
+-----------------------------------------------------+---------------------+------------------------+
; Latch Name                                          ; Latch Enable Signal ; Free of Timing Hazards ;
+-----------------------------------------------------+---------------------+------------------------+
; temp[4]                                             ; temp[0]~0           ; yes                    ;
; temp[5]                                             ; temp[0]~0           ; yes                    ;
; temp[6]                                             ; temp[0]~0           ; yes                    ;
; temp[7]                                             ; temp[0]~0           ; yes                    ;
; R2[4]                                               ; Mux37               ; yes                    ;
; R1[4]                                               ; Mux46               ; yes                    ;
; R0[4]                                               ; Mux56               ; yes                    ;
; R3[4]                                               ; Mux28               ; yes                    ;
; R1[5]                                               ; Mux46               ; yes                    ;
; R2[5]                                               ; Mux37               ; yes                    ;
; R0[5]                                               ; Mux56               ; yes                    ;
; R3[5]                                               ; Mux28               ; yes                    ;
; R2[6]                                               ; Mux37               ; yes                    ;
; R1[6]                                               ; Mux46               ; yes                    ;
; R0[6]                                               ; Mux56               ; yes                    ;
; R3[6]                                               ; Mux28               ; yes                    ;
; R1[7]                                               ; Mux46               ; yes                    ;
; R2[7]                                               ; Mux37               ; yes                    ;
; R0[7]                                               ; Mux56               ; yes                    ;
; R3[7]                                               ; Mux28               ; yes                    ;
; Number of user-specified and inferred latches = 20  ;                     ;                        ;
+-----------------------------------------------------+---------------------+------------------------+
Note: All latches listed above may not be present at the end of synthesis due to various synthesis optimizations.


+---------------------------------------------------------------------------------+
; Registers Removed During Synthesis                                              ;
+----------------------------------------+----------------------------------------+
; Register name                          ; Reason for Removal                     ;
+----------------------------------------+----------------------------------------+
; sel_temp[0..2]                         ; Stuck at GND due to stuck port data_in ;
; sel[0]~reg0                            ; Stuck at GND due to stuck port data_in ;
; sel[1]~reg0                            ; Stuck at GND due to stuck port data_in ;
; sel[2]~reg0                            ; Stuck at GND due to stuck port data_in ;
; PC[0..7]                               ; Lost fanout                            ;
; Total Number of Removed Registers = 14 ;                                        ;
+----------------------------------------+----------------------------------------+


+-----------------------------------------------------------------------------------------------------------------+
; Removed Registers Triggering Further Register Optimizations                                                     ;
+---------------+---------------------------+---------------------------------------------------------------------+
; Register name ; Reason for Removal        ; Registers Removed due to This Register                              ;
+---------------+---------------------------+---------------------------------------------------------------------+
; sel_temp[0]   ; Stuck at GND              ; sel[0]~reg0, PC[0], PC[1], PC[2], PC[3], PC[4], PC[5], PC[6], PC[7] ;
;               ; due to stuck port data_in ;                                                                     ;
; sel_temp[1]   ; Stuck at GND              ; sel[1]~reg0                                                         ;
;               ; due to stuck port data_in ;                                                                     ;
; sel_temp[2]   ; Stuck at GND              ; sel[2]~reg0                                                         ;
;               ; due to stuck port data_in ;                                                                     ;
+---------------+---------------------------+---------------------------------------------------------------------+


+------------------------------------------------------+
; General Register Statistics                          ;
+----------------------------------------------+-------+
; Statistic                                    ; Value ;
+----------------------------------------------+-------+
; Total registers                              ; 4     ;
; Number of registers using Synchronous Clear  ; 0     ;
; Number of registers using Synchronous Load   ; 0     ;
; Number of registers using Asynchronous Clear ; 0     ;
; Number of registers using Asynchronous Load  ; 0     ;
; Number of registers using Clock Enable       ; 0     ;
; Number of registers using Preset             ; 0     ;
+----------------------------------------------+-------+


+------------------------------------------------------------------------------------------------------------------------------------------+
; Multiplexer Restructuring Statistics (Restructuring Performed)                                                                           ;
+--------------------+-----------+---------------+----------------------+------------------------+------------+----------------------------+
; Multiplexer Inputs ; Bus Width ; Baseline Area ; Area if Restructured ; Saving if Restructured ; Registered ; Example Multiplexer Output ;
+--------------------+-----------+---------------+----------------------+------------------------+------------+----------------------------+
; 1:1                ; 4 bits    ; 0 LEs         ; 0 LEs                ; 0 LEs                  ; No         ; |recpu|Mux35               ;
; 1:1                ; 4 bits    ; 0 LEs         ; 0 LEs                ; 0 LEs                  ; No         ; |recpu|Mux44               ;
; 1:1                ; 4 bits    ; 0 LEs         ; 0 LEs                ; 0 LEs                  ; No         ; |recpu|Mux53               ;
; 1:1                ; 4 bits    ; 0 LEs         ; 0 LEs                ; 0 LEs                  ; No         ; |recpu|Mux62               ;
; 4:1                ; 4 bits    ; 8 LEs         ; 8 LEs                ; 0 LEs                  ; No         ; |recpu|Mux9                ;
+--------------------+-----------+---------------+----------------------+------------------------+------------+----------------------------+


+-------------------------------+
; Analysis & Synthesis Messages ;
+-------------------------------+
Info: *******************************************************************
Info: Running Quartus II Analysis & Synthesis
    Info: Version 9.0 Build 235 06/17/2009 Service Pack 2 SJ Web Edition
    Info: Processing started: Sat Jun 17 16:15:01 2017
Info: Command: quartus_map --read_settings_files=on --write_settings_files=off recpu -c recpu
Info: Found 2 design units, including 1 entities, in source file recpu.vhd
    Info: Found design unit 1: recpu-one
    Info: Found entity 1: recpu
Info: Elaborating entity "recpu" for the top level hierarchy
Warning (10492): VHDL Process Statement warning at recpu.vhd(37): signal "D" is read inside the Process Statement but isn't in the Process Statement's sensitivity list
Warning (10492): VHDL Process Statement warning at recpu.vhd(38): signal "R0" is read inside the Process Statement but isn't in the Process Statement's sensitivity list
Warning (10492): VHDL Process Statement warning at recpu.vhd(42): signal "D" is read inside the Process Statement but isn't in the Process Statement's sensitivity list
Warning (10492): VHDL Process Statement warning at recpu.vhd(43): signal "R1" is read inside the Process Statement but isn't in the Process Statement's sensitivity list
Warning (10492): VHDL Process Statement warning at recpu.vhd(46): signal "D" is read inside the Process Statement but isn't in the Process Statement's sensitivity list
Warning (10492): VHDL Process Statement warning at recpu.vhd(47): signal "R2" is read inside the Process Statement but isn't in the Process Statement's sensitivity list
Warning (10492): VHDL Process Statement warning at recpu.vhd(50): signal "D" is read inside the Process Statement but isn't in the Process Statement's sensitivity list
Warning (10492): VHDL Process Statement warning at recpu.vhd(51): signal "R3" is read inside the Process Statement but isn't in the Process Statement's sensitivity list
Warning (10631): VHDL Process Statement warning at recpu.vhd(34): inferring latch(es) for signal or variable "R0", which holds its previous value in one or more paths through the process
Warning (10631): VHDL Process Statement warning at recpu.vhd(34): inferring latch(es) for signal or variable "temp", which holds its previous value in one or more paths through the process
Warning (10631): VHDL Process Statement warning at recpu.vhd(34): inferring latch(es) for signal or variable "R1", which holds its previous value in one or more paths through the process
Warning (10631): VHDL Process Statement warning at recpu.vhd(34): inferring latch(es) for signal or variable "R2", which holds its previous value in one or more paths through the process
Warning (10631): VHDL Process Statement warning at recpu.vhd(34): inferring latch(es) for signal or variable "R3", which holds its previous value in one or more paths through the process
Info (10041): Inferred latch for "R3[0]" at recpu.vhd(34)
Info (10041): Inferred latch for "R3[1]" at recpu.vhd(34)
Info (10041): Inferred latch for "R3[2]" at recpu.vhd(34)
Info (10041): Inferred latch for "R3[3]" at recpu.vhd(34)
Info (10041): Inferred latch for "R3[4]" at recpu.vhd(34)
Info (10041): Inferred latch for "R3[5]" at recpu.vhd(34)
Info (10041): Inferred latch for "R3[6]" at recpu.vhd(34)
Info (10041): Inferred latch for "R3[7]" at recpu.vhd(34)
Info (10041): Inferred latch for "R2[0]" at recpu.vhd(34)
Info (10041): Inferred latch for "R2[1]" at recpu.vhd(34)
Info (10041): Inferred latch for "R2[2]" at recpu.vhd(34)
Info (10041): Inferred latch for "R2[3]" at recpu.vhd(34)
Info (10041): Inferred latch for "R2[4]" at recpu.vhd(34)
Info (10041): Inferred latch for "R2[5]" at recpu.vhd(34)
Info (10041): Inferred latch for "R2[6]" at recpu.vhd(34)
Info (10041): Inferred latch for "R2[7]" at recpu.vhd(34)
Info (10041): Inferred latch for "R1[0]" at recpu.vhd(34)
Info (10041): Inferred latch for "R1[1]" at recpu.vhd(34)
Info (10041): Inferred latch for "R1[2]" at recpu.vhd(34)
Info (10041): Inferred latch for "R1[3]" at recpu.vhd(34)
Info (10041): Inferred latch for "R1[4]" at recpu.vhd(34)
Info (10041): Inferred latch for "R1[5]" at recpu.vhd(34)
Info (10041): Inferred latch for "R1[6]" at recpu.vhd(34)
Info (10041): Inferred latch for "R1[7]" at recpu.vhd(34)
Info (10041): Inferred latch for "temp[0]" at recpu.vhd(34)
Info (10041): Inferred latch for "temp[1]" at recpu.vhd(34)
Info (10041): Inferred latch for "temp[2]" at recpu.vhd(34)
Info (10041): Inferred latch for "temp[3]" at recpu.vhd(34)
Info (10041): Inferred latch for "temp[4]" at recpu.vhd(34)
Info (10041): Inferred latch for "temp[5]" at recpu.vhd(34)
Info (10041): Inferred latch for "temp[6]" at recpu.vhd(34)
Info (10041): Inferred latch for "temp[7]" at recpu.vhd(34)
Info (10041): Inferred latch for "R0[0]" at recpu.vhd(34)
Info (10041): Inferred latch for "R0[1]" at recpu.vhd(34)
Info (10041): Inferred latch for "R0[2]" at recpu.vhd(34)
Info (10041): Inferred latch for "R0[3]" at recpu.vhd(34)
Info (10041): Inferred latch for "R0[4]" at recpu.vhd(34)
Info (10041): Inferred latch for "R0[5]" at recpu.vhd(34)
Info (10041): Inferred latch for "R0[6]" at recpu.vhd(34)
Info (10041): Inferred latch for "R0[7]" at recpu.vhd(34)
Warning: Output pins are stuck at VCC or GND
    Warning (13410): Pin "sel[0]" is stuck at GND
    Warning (13410): Pin "sel[1]" is stuck at GND
    Warning (13410): Pin "sel[2]" is stuck at GND
    Warning (13410): Pin "led7[7]" is stuck at GND
Info: 8 registers lost all their fanouts during netlist optimizations. The first 8 are displayed below.
    Info: Register "PC[0]" lost all its fanouts during netlist optimizations.
    Info: Register "PC[1]" lost all its fanouts during netlist optimizations.
    Info: Register "PC[2]" lost all its fanouts during netlist optimizations.
    Info: Register "PC[3]" lost all its fanouts during netlist optimizations.
    Info: Register "PC[4]" lost all its fanouts during netlist optimizations.
    Info: Register "PC[5]" lost all its fanouts during netlist optimizations.
    Info: Register "PC[6]" lost all its fanouts during netlist optimizations.
    Info: Register "PC[7]" lost all its fanouts during netlist optimizations.
Warning: Design contains 15 input pin(s) that do not drive logic
    Warning (15610): No output dependent on input pin "reset"
    Warning (15610): No output dependent on input pin "M[0]"
    Warning (15610): No output dependent on input pin "M[1]"
    Warning (15610): No output dependent on input pin "D[0]"
    Warning (15610): No output dependent on input pin "D[1]"
    Warning (15610): No output dependent on input pin "D[2]"
    Warning (15610): No output dependent on input pin "D[3]"
    Warning (15610): No output dependent on input pin "D[8]"
    Warning (15610): No output dependent on input pin "D[9]"
    Warning (15610): No output dependent on input pin "D[10]"
    Warning (15610): No output dependent on input pin "D[11]"
    Warning (15610): No output dependent on input pin "D[12]"
    Warning (15610): No output dependent on input pin "D[13]"
    Warning (15610): No output dependent on input pin "D[14]"
    Warning (15610): No output dependent on input pin "D[15]"
Info: Implemented 79 device resources after synthesis - the final resource count might be different
    Info: Implemented 24 input pins
    Info: Implemented 11 output pins
    Info: Implemented 44 logic cells
Info: Quartus II Analysis & Synthesis was successful. 0 errors, 34 warnings
    Info: Peak virtual memory: 260 megabytes
    Info: Processing ended: Sat Jun 17 16:15:04 2017
    Info: Elapsed time: 00:00:03
    Info: Total CPU time (on all processors): 00:00:01


