Flow report for PlainCounter
Thu Nov 17 17:07:22 2016
Quartus II Version 9.0 Build 235 06/17/2009 Service Pack 2 SJ Web Edition


---------------------
; Table of Contents ;
---------------------
  1. Legal Notice
  2. Flow Summary
  3. Flow Settings
  4. Flow Non-Default Global Settings
  5. Flow Elapsed Time
  6. Flow OS Summary
  7. Flow Log



----------------
; Legal Notice ;
----------------
Copyright (C) 1991-2009 Altera Corporation
Your use of Altera Corporation's design tools, logic functions 
and other software and tools, and its AMPP partner logic 
functions, and any output files from any of the foregoing 
(including device programming or simulation files), and any 
associated documentation or information are expressly subject 
to the terms and conditions of the Altera Program License 
Subscription Agreement, Altera MegaCore Function License 
Agreement, or other applicable license agreement, including, 
without limitation, that your use is for the sole purpose of 
programming logic devices manufactured by Altera and sold by 
Altera or its authorized distributors.  Please refer to the 
applicable agreement for further details.



+-----------------------------------------------------------------------------------+
; Flow Summary                                                                      ;
+------------------------------------+----------------------------------------------+
; Flow Status                        ; Successful - Thu Nov 17 17:07:22 2016        ;
; Quartus II Version                 ; 9.0 Build 235 06/17/2009 SP 2 SJ Web Edition ;
; Revision Name                      ; PlainCounter                                 ;
; Top-level Entity Name              ; PlainCounter                                 ;
; Family                             ; Cyclone II                                   ;
; Device                             ; EP2C8T144C8                                  ;
; Timing Models                      ; Final                                        ;
; Met timing requirements            ; No                                           ;
; Total logic elements               ; 7 / 8,256 ( < 1 % )                          ;
;     Total combinational functions  ; 7 / 8,256 ( < 1 % )                          ;
;     Dedicated logic registers      ; 5 / 8,256 ( < 1 % )                          ;
; Total registers                    ; 5                                            ;
; Total pins                         ; 11 / 85 ( 13 % )                             ;
; Total virtual pins                 ; 0                                            ;
; Total memory bits                  ; 0 / 165,888 ( 0 % )                          ;
; Embedded Multiplier 9-bit elements ; 0 / 36 ( 0 % )                               ;
; Total PLLs                         ; 0 / 2 ( 0 % )                                ;
+------------------------------------+----------------------------------------------+


+-----------------------------------------+
; Flow Settings                           ;
+-------------------+---------------------+
; Option            ; Setting             ;
+-------------------+---------------------+
; Start date & time ; 11/17/2016 17:07:17 ;
; Main task         ; Compilation         ;
; Revision Name     ; PlainCounter        ;
+-------------------+---------------------+


+-------------------------------------------------------------------------------------------------------+
; Flow Non-Default Global Settings                                                                      ;
+------------------------------------+-------------------+---------------+-------------+----------------+
; Assignment Name                    ; Value             ; Default Value ; Entity Name ; Section Id     ;
+------------------------------------+-------------------+---------------+-------------+----------------+
; COMPILER_SIGNATURE_ID              ; 0.147937363700900 ; --            ; --          ; --             ;
; MAX_CORE_JUNCTION_TEMP             ; 85                ; --            ; --          ; --             ;
; MIN_CORE_JUNCTION_TEMP             ; 0                 ; --            ; --          ; --             ;
; PARTITION_COLOR                    ; 16764057          ; --            ; --          ; Top            ;
; PARTITION_NETLIST_TYPE             ; SOURCE            ; --            ; --          ; Top            ;
; USE_GENERATED_PHYSICAL_CONSTRAINTS ; Off               ; --            ; --          ; eda_blast_fpga ;
+------------------------------------+-------------------+---------------+-------------+----------------+


+-----------------------------------------------------------------------------------------------------------------------------+
; Flow Elapsed Time                                                                                                           ;
+-------------------------+--------------+-------------------------+---------------------+------------------------------------+
; Module Name             ; Elapsed Time ; Average Processors Used ; Peak Virtual Memory ; Total CPU Time (on all processors) ;
+-------------------------+--------------+-------------------------+---------------------+------------------------------------+
; Analysis & Synthesis    ; 00:00:00     ; 1.0                     ; 175 MB              ; 00:00:01                           ;
; Fitter                  ; 00:00:01     ; 1.0                     ; 184 MB              ; 00:00:01                           ;
; Assembler               ; 00:00:01     ; 1.0                     ; 164 MB              ; 00:00:01                           ;
; Classic Timing Analyzer ; 00:00:00     ; 1.0                     ; 122 MB              ; 00:00:00                           ;
; Total                   ; 00:00:02     ; --                      ; --                  ; 00:00:03                           ;
+-------------------------+--------------+-------------------------+---------------------+------------------------------------+


+---------------------------------------------------------------------------------------+
; Flow OS Summary                                                                       ;
+-------------------------+------------------+------------+------------+----------------+
; Module Name             ; Machine Hostname ; OS Name    ; OS Version ; Processor type ;
+-------------------------+------------------+------------+------------+----------------+
; Analysis & Synthesis    ; A-48BF024DC6     ; Windows XP ; 5.1        ; i686           ;
; Fitter                  ; A-48BF024DC6     ; Windows XP ; 5.1        ; i686           ;
; Assembler               ; A-48BF024DC6     ; Windows XP ; 5.1        ; i686           ;
; Classic Timing Analyzer ; A-48BF024DC6     ; Windows XP ; 5.1        ; i686           ;
+-------------------------+------------------+------------+------------+----------------+


------------
; Flow Log ;
------------
quartus_map --read_settings_files=on --write_settings_files=off PlainCounter -c PlainCounter
quartus_fit --read_settings_files=off --write_settings_files=off PlainCounter -c PlainCounter
quartus_asm --read_settings_files=off --write_settings_files=off PlainCounter -c PlainCounter
quartus_tan --read_settings_files=off --write_settings_files=off PlainCounter -c PlainCounter --timing_analysis_only



