Flow report for yunsuan
Sat May 27 13:13:08 2017
Quartus II Version 9.0 Build 235 06/17/2009 Service Pack 2 SJ Web Edition


---------------------
; Table of Contents ;
---------------------
  1. Legal Notice
  2. Flow Summary
  3. Flow Settings
  4. Flow Non-Default Global Settings
  5. Flow Elapsed Time
  6. Flow OS Summary
  7. Flow Log



----------------
; Legal Notice ;
----------------
Copyright (C) 1991-2009 Altera Corporation
Your use of Altera Corporation's design tools, logic functions 
and other software and tools, and its AMPP partner logic 
functions, and any output files from any of the foregoing 
(including device programming or simulation files), and any 
associated documentation or information are expressly subject 
to the terms and conditions of the Altera Program License 
Subscription Agreement, Altera MegaCore Function License 
Agreement, or other applicable license agreement, including, 
without limitation, that your use is for the sole purpose of 
programming logic devices manufactured by Altera and sold by 
Altera or its authorized distributors.  Please refer to the 
applicable agreement for further details.



+-----------------------------------------------------------------------------------+
; Flow Summary                                                                      ;
+------------------------------------+----------------------------------------------+
; Flow Status                        ; Successful - Sat May 27 13:13:01 2017        ;
; Quartus II Version                 ; 9.0 Build 235 06/17/2009 SP 2 SJ Web Edition ;
; Revision Name                      ; yunsuan                                      ;
; Top-level Entity Name              ; yunsuan                                      ;
; Family                             ; Cyclone III                                  ;
; Device                             ; EP3C40F780C8                                 ;
; Timing Models                      ; Final                                        ;
; Met timing requirements            ; N/A                                          ;
; Total logic elements               ; 207 / 39,600 ( < 1 % )                       ;
;     Total combinational functions  ; 205 / 39,600 ( < 1 % )                       ;
;     Dedicated logic registers      ; 16 / 39,600 ( < 1 % )                        ;
; Total registers                    ; 16                                           ;
; Total pins                         ; 34 / 536 ( 6 % )                             ;
; Total virtual pins                 ; 0                                            ;
; Total memory bits                  ; 0 / 1,161,216 ( 0 % )                        ;
; Embedded Multiplier 9-bit elements ; 0 / 252 ( 0 % )                              ;
; Total PLLs                         ; 0 / 4 ( 0 % )                                ;
+------------------------------------+----------------------------------------------+


+-----------------------------------------+
; Flow Settings                           ;
+-------------------+---------------------+
; Option            ; Setting             ;
+-------------------+---------------------+
; Start date & time ; 05/27/2017 13:12:38 ;
; Main task         ; Compilation         ;
; Revision Name     ; yunsuan             ;
+-------------------+---------------------+


+-------------------------------------------------------------------------------------------------------------------------+
; Flow Non-Default Global Settings                                                                                        ;
+------------------------------------+-------------------------------------+---------------+-------------+----------------+
; Assignment Name                    ; Value                               ; Default Value ; Entity Name ; Section Id     ;
+------------------------------------+-------------------------------------+---------------+-------------+----------------+
; COMPILER_SIGNATURE_ID              ; 35490506572066.149586195808372      ; --            ; --          ; --             ;
; MAX_CORE_JUNCTION_TEMP             ; 85                                  ; --            ; --          ; --             ;
; MIN_CORE_JUNCTION_TEMP             ; 0                                   ; --            ; --          ; --             ;
; MISC_FILE                          ; C:/Users/dell/Desktop/5/yunsuan.dpf ; --            ; --          ; --             ;
; NOMINAL_CORE_SUPPLY_VOLTAGE        ; 1.2V                                ; --            ; --          ; --             ;
; PARTITION_COLOR                    ; 16764057                            ; --            ; --          ; Top            ;
; PARTITION_NETLIST_TYPE             ; SOURCE                              ; --            ; --          ; Top            ;
; USE_GENERATED_PHYSICAL_CONSTRAINTS ; Off                                 ; --            ; --          ; eda_blast_fpga ;
+------------------------------------+-------------------------------------+---------------+-------------+----------------+


+-------------------------------------------------------------------------------------------------------------------------------+
; Flow Elapsed Time                                                                                                             ;
+---------------------------+--------------+-------------------------+---------------------+------------------------------------+
; Module Name               ; Elapsed Time ; Average Processors Used ; Peak Virtual Memory ; Total CPU Time (on all processors) ;
+---------------------------+--------------+-------------------------+---------------------+------------------------------------+
; Analysis & Synthesis      ; 00:00:03     ; 1.0                     ; 267 MB              ; 00:00:02                           ;
; Fitter                    ; 00:00:09     ; 1.0                     ; 349 MB              ; 00:00:08                           ;
; Assembler                 ; 00:00:03     ; 1.0                     ; 314 MB              ; 00:00:03                           ;
; TimeQuest Timing Analyzer ; 00:00:05     ; 1.0                     ; 297 MB              ; 00:00:03                           ;
; Total                     ; 00:00:20     ; --                      ; --                  ; 00:00:16                           ;
+---------------------------+--------------+-------------------------+---------------------+------------------------------------+


+--------------------------------------------------------------------------------------------+
; Flow OS Summary                                                                            ;
+---------------------------+------------------+---------------+------------+----------------+
; Module Name               ; Machine Hostname ; OS Name       ; OS Version ; Processor type ;
+---------------------------+------------------+---------------+------------+----------------+
; Analysis & Synthesis      ; DESKTOP-KSRA0JG  ; Windows Vista ; 6.2        ; x86_64         ;
; Fitter                    ; DESKTOP-KSRA0JG  ; Windows Vista ; 6.2        ; x86_64         ;
; Assembler                 ; DESKTOP-KSRA0JG  ; Windows Vista ; 6.2        ; x86_64         ;
; TimeQuest Timing Analyzer ; DESKTOP-KSRA0JG  ; Windows Vista ; 6.2        ; x86_64         ;
+---------------------------+------------------+---------------+------------+----------------+


------------
; Flow Log ;
------------
quartus_map --read_settings_files=on --write_settings_files=off yunsuan -c yunsuan
quartus_fit --read_settings_files=off --write_settings_files=off yunsuan -c yunsuan
quartus_asm --read_settings_files=off --write_settings_files=off yunsuan -c yunsuan
quartus_sta yunsuan -c yunsuan



