Analysis & Synthesis report for shiyan7
Sat May 27 11:01:50 2017
Quartus II Version 9.0 Build 235 06/17/2009 Service Pack 2 SJ Web Edition


---------------------
; Table of Contents ;
---------------------
  1. Legal Notice
  2. Analysis & Synthesis Summary
  3. Analysis & Synthesis Settings
  4. Analysis & Synthesis Source Files Read
  5. Analysis & Synthesis Resource Usage Summary
  6. Analysis & Synthesis Resource Utilization by Entity
  7. Analysis & Synthesis RAM Summary
  8. Registers Removed During Synthesis
  9. Removed Registers Triggering Further Register Optimizations
 10. General Register Statistics
 11. Multiplexer Restructuring Statistics (Restructuring Performed)
 12. Source assignments for lpm_rom0:inst2|altsyncram:altsyncram_component|altsyncram_ri81:auto_generated
 13. Parameter Settings for User Entity Instance: lpm_rom0:inst2|altsyncram:altsyncram_component
 14. altsyncram Parameter Settings by Entity Instance
 15. Analysis & Synthesis Messages



----------------
; Legal Notice ;
----------------
Copyright (C) 1991-2009 Altera Corporation
Your use of Altera Corporation's design tools, logic functions 
and other software and tools, and its AMPP partner logic 
functions, and any output files from any of the foregoing 
(including device programming or simulation files), and any 
associated documentation or information are expressly subject 
to the terms and conditions of the Altera Program License 
Subscription Agreement, Altera MegaCore Function License 
Agreement, or other applicable license agreement, including, 
without limitation, that your use is for the sole purpose of 
programming logic devices manufactured by Altera and sold by 
Altera or its authorized distributors.  Please refer to the 
applicable agreement for further details.



+-----------------------------------------------------------------------------------+
; Analysis & Synthesis Summary                                                      ;
+------------------------------------+----------------------------------------------+
; Analysis & Synthesis Status        ; Successful - Sat May 27 11:01:50 2017        ;
; Quartus II Version                 ; 9.0 Build 235 06/17/2009 SP 2 SJ Web Edition ;
; Revision Name                      ; shiyan7                                      ;
; Top-level Entity Name              ; shiyan7                                      ;
; Family                             ; Cyclone III                                  ;
; Total logic elements               ; 32                                           ;
;     Total combinational functions  ; 28                                           ;
;     Dedicated logic registers      ; 21                                           ;
; Total registers                    ; 21                                           ;
; Total pins                         ; 23                                           ;
; Total virtual pins                 ; 0                                            ;
; Total memory bits                  ; 4,096                                        ;
; Embedded Multiplier 9-bit elements ; 0                                            ;
; Total PLLs                         ; 0                                            ;
+------------------------------------+----------------------------------------------+


+--------------------------------------------------------------------------------------------------------+
; Analysis & Synthesis Settings                                                                          ;
+--------------------------------------------------------------+--------------------+--------------------+
; Option                                                       ; Setting            ; Default Value      ;
+--------------------------------------------------------------+--------------------+--------------------+
; Device                                                       ; EP3C40F780C8       ;                    ;
; Top-level entity name                                        ; shiyan7            ; shiyan7            ;
; Family name                                                  ; Cyclone III        ; Stratix II         ;
; Use Generated Physical Constraints File                      ; Off                ;                    ;
; Use smart compilation                                        ; Off                ; Off                ;
; Restructure Multiplexers                                     ; Auto               ; Auto               ;
; Create Debugging Nodes for IP Cores                          ; Off                ; Off                ;
; Preserve fewer node names                                    ; On                 ; On                 ;
; Disable OpenCore Plus hardware evaluation                    ; Off                ; Off                ;
; Verilog Version                                              ; Verilog_2001       ; Verilog_2001       ;
; VHDL Version                                                 ; VHDL93             ; VHDL93             ;
; State Machine Processing                                     ; Auto               ; Auto               ;
; Safe State Machine                                           ; Off                ; Off                ;
; Extract Verilog State Machines                               ; On                 ; On                 ;
; Extract VHDL State Machines                                  ; On                 ; On                 ;
; Ignore Verilog initial constructs                            ; Off                ; Off                ;
; Iteration limit for constant Verilog loops                   ; 5000               ; 5000               ;
; Iteration limit for non-constant Verilog loops               ; 250                ; 250                ;
; Add Pass-Through Logic to Inferred RAMs                      ; On                 ; On                 ;
; Parallel Synthesis                                           ; Off                ; Off                ;
; DSP Block Balancing                                          ; Auto               ; Auto               ;
; NOT Gate Push-Back                                           ; On                 ; On                 ;
; Power-Up Don't Care                                          ; On                 ; On                 ;
; Remove Redundant Logic Cells                                 ; Off                ; Off                ;
; Remove Duplicate Registers                                   ; On                 ; On                 ;
; Ignore CARRY Buffers                                         ; Off                ; Off                ;
; Ignore CASCADE Buffers                                       ; Off                ; Off                ;
; Ignore GLOBAL Buffers                                        ; Off                ; Off                ;
; Ignore ROW GLOBAL Buffers                                    ; Off                ; Off                ;
; Ignore LCELL Buffers                                         ; Off                ; Off                ;
; Ignore SOFT Buffers                                          ; On                 ; On                 ;
; Limit AHDL Integers to 32 Bits                               ; Off                ; Off                ;
; Optimization Technique                                       ; Balanced           ; Balanced           ;
; Carry Chain Length                                           ; 70                 ; 70                 ;
; Auto Carry Chains                                            ; On                 ; On                 ;
; Auto Open-Drain Pins                                         ; On                 ; On                 ;
; Perform WYSIWYG Primitive Resynthesis                        ; Off                ; Off                ;
; Auto ROM Replacement                                         ; On                 ; On                 ;
; Auto RAM Replacement                                         ; On                 ; On                 ;
; Auto DSP Block Replacement                                   ; On                 ; On                 ;
; Auto Shift Register Replacement                              ; Auto               ; Auto               ;
; Auto Clock Enable Replacement                                ; On                 ; On                 ;
; Strict RAM Replacement                                       ; Off                ; Off                ;
; Allow Synchronous Control Signals                            ; On                 ; On                 ;
; Force Use of Synchronous Clear Signals                       ; Off                ; Off                ;
; Auto RAM Block Balancing                                     ; On                 ; On                 ;
; Auto RAM to Logic Cell Conversion                            ; Off                ; Off                ;
; Auto Resource Sharing                                        ; Off                ; Off                ;
; Allow Any RAM Size For Recognition                           ; Off                ; Off                ;
; Allow Any ROM Size For Recognition                           ; Off                ; Off                ;
; Allow Any Shift Register Size For Recognition                ; Off                ; Off                ;
; Use LogicLock Constraints during Resource Balancing          ; On                 ; On                 ;
; Ignore translate_off and synthesis_off directives            ; Off                ; Off                ;
; Timing-Driven Synthesis                                      ; Off                ; Off                ;
; Show Parameter Settings Tables in Synthesis Report           ; On                 ; On                 ;
; Ignore Maximum Fan-Out Assignments                           ; Off                ; Off                ;
; Synchronization Register Chain Length                        ; 2                  ; 2                  ;
; PowerPlay Power Optimization                                 ; Normal compilation ; Normal compilation ;
; HDL message level                                            ; Level2             ; Level2             ;
; Suppress Register Optimization Related Messages              ; Off                ; Off                ;
; Number of Removed Registers Reported in Synthesis Report     ; 100                ; 100                ;
; Number of Inverted Registers Reported in Synthesis Report    ; 100                ; 100                ;
; Clock MUX Protection                                         ; On                 ; On                 ;
; Auto Gated Clock Conversion                                  ; Off                ; Off                ;
; Block Design Naming                                          ; Auto               ; Auto               ;
; SDC constraint protection                                    ; Off                ; Off                ;
; Synthesis Effort                                             ; Auto               ; Auto               ;
; Shift Register Replacement - Allow Asynchronous Clear Signal ; On                 ; On                 ;
; Analysis & Synthesis Message Level                           ; Medium             ; Medium             ;
+--------------------------------------------------------------+--------------------+--------------------+


+----------------------------------------------------------------------------------------------------------------------------------------------------------------------------+
; Analysis & Synthesis Source Files Read                                                                                                                                     ;
+----------------------------------+-----------------+----------------------------------------+------------------------------------------------------------------------------+
; File Name with User-Entered Path ; Used in Netlist ; File Type                              ; File Name with Absolute Path                                                 ;
+----------------------------------+-----------------+----------------------------------------+------------------------------------------------------------------------------+
; shiyan7.bdf                      ; yes             ; User Block Diagram/Schematic File      ; J:/shiyan7/shiyan7.bdf                                                       ;
; IR.vhd                           ; yes             ; Auto-Found VHDL File                   ; J:/shiyan7/IR.vhd                                                            ;
; FRQ.vhd                          ; yes             ; Auto-Found VHDL File                   ; J:/shiyan7/FRQ.vhd                                                           ;
; lpm_rom0.vhd                     ; yes             ; Auto-Found Wizard-Generated File       ; J:/shiyan7/lpm_rom0.vhd                                                      ;
; altsyncram.tdf                   ; yes             ; Megafunction                           ; g:/program files (x86)/quartus/libraries/megafunctions/altsyncram.tdf        ;
; stratix_ram_block.inc            ; yes             ; Megafunction                           ; g:/program files (x86)/quartus/libraries/megafunctions/stratix_ram_block.inc ;
; lpm_mux.inc                      ; yes             ; Megafunction                           ; g:/program files (x86)/quartus/libraries/megafunctions/lpm_mux.inc           ;
; lpm_decode.inc                   ; yes             ; Megafunction                           ; g:/program files (x86)/quartus/libraries/megafunctions/lpm_decode.inc        ;
; aglobal90.inc                    ; yes             ; Megafunction                           ; g:/program files (x86)/quartus/libraries/megafunctions/aglobal90.inc         ;
; a_rdenreg.inc                    ; yes             ; Megafunction                           ; g:/program files (x86)/quartus/libraries/megafunctions/a_rdenreg.inc         ;
; altrom.inc                       ; yes             ; Megafunction                           ; g:/program files (x86)/quartus/libraries/megafunctions/altrom.inc            ;
; altram.inc                       ; yes             ; Megafunction                           ; g:/program files (x86)/quartus/libraries/megafunctions/altram.inc            ;
; altdpram.inc                     ; yes             ; Megafunction                           ; g:/program files (x86)/quartus/libraries/megafunctions/altdpram.inc          ;
; altqpram.inc                     ; yes             ; Megafunction                           ; g:/program files (x86)/quartus/libraries/megafunctions/altqpram.inc          ;
; db/altsyncram_ri81.tdf           ; yes             ; Auto-Generated Megafunction            ; J:/shiyan7/db/altsyncram_ri81.tdf                                            ;
; mem                              ; yes             ; Auto-Found Memory Initialization File  ; J:/shiyan7/mem                                                               ;
; PC.vhd                           ; yes             ; Auto-Found VHDL File                   ; J:/shiyan7/PC.vhd                                                            ;
+----------------------------------+-----------------+----------------------------------------+------------------------------------------------------------------------------+


+----------------------------------------------------------------+
; Analysis & Synthesis Resource Usage Summary                    ;
+---------------------------------------------+------------------+
; Resource                                    ; Usage            ;
+---------------------------------------------+------------------+
; Estimated Total logic elements              ; 32               ;
;                                             ;                  ;
; Total combinational functions               ; 28               ;
; Logic element usage by number of LUT inputs ;                  ;
;     -- 4 input functions                    ; 15               ;
;     -- 3 input functions                    ; 7                ;
;     -- <=2 input functions                  ; 6                ;
;                                             ;                  ;
; Logic elements by mode                      ;                  ;
;     -- normal mode                          ; 21               ;
;     -- arithmetic mode                      ; 7                ;
;                                             ;                  ;
; Total registers                             ; 21               ;
;     -- Dedicated logic registers            ; 21               ;
;     -- I/O registers                        ; 0                ;
;                                             ;                  ;
; I/O pins                                    ; 23               ;
; Total memory bits                           ; 4096             ;
; Maximum fan-out node                        ; FRQ:inst|clk_out ;
; Maximum fan-out                             ; 32               ;
; Total fan-out                               ; 333              ;
; Average fan-out                             ; 3.00             ;
+---------------------------------------------+------------------+


+---------------------------------------------------------------------------------------------------------------------------------------------------------------------------------------------------------------------------------------------------------------+
; Analysis & Synthesis Resource Utilization by Entity                                                                                                                                                                                                           ;
+-------------------------------------------+-------------------+--------------+-------------+--------------+---------+-----------+------+--------------+----------------------------------------------------------------------------------------+--------------+
; Compilation Hierarchy Node                ; LC Combinationals ; LC Registers ; Memory Bits ; DSP Elements ; DSP 9x9 ; DSP 18x18 ; Pins ; Virtual Pins ; Full Hierarchy Name                                                                    ; Library Name ;
+-------------------------------------------+-------------------+--------------+-------------+--------------+---------+-----------+------+--------------+----------------------------------------------------------------------------------------+--------------+
; |shiyan7                                  ; 28 (0)            ; 21 (0)       ; 4096        ; 0            ; 0       ; 0         ; 23   ; 0            ; |shiyan7                                                                               ; work         ;
;    |FRQ:inst|                             ; 3 (3)             ; 4 (4)        ; 0           ; 0            ; 0       ; 0         ; 0    ; 0            ; |shiyan7|FRQ:inst                                                                      ; work         ;
;    |IR:inst1|                             ; 17 (17)           ; 9 (9)        ; 0           ; 0            ; 0       ; 0         ; 0    ; 0            ; |shiyan7|IR:inst1                                                                      ; work         ;
;    |PC:inst3|                             ; 8 (8)             ; 8 (8)        ; 0           ; 0            ; 0       ; 0         ; 0    ; 0            ; |shiyan7|PC:inst3                                                                      ; work         ;
;    |lpm_rom0:inst2|                       ; 0 (0)             ; 0 (0)        ; 4096        ; 0            ; 0       ; 0         ; 0    ; 0            ; |shiyan7|lpm_rom0:inst2                                                                ; work         ;
;       |altsyncram:altsyncram_component|   ; 0 (0)             ; 0 (0)        ; 4096        ; 0            ; 0       ; 0         ; 0    ; 0            ; |shiyan7|lpm_rom0:inst2|altsyncram:altsyncram_component                                ; work         ;
;          |altsyncram_ri81:auto_generated| ; 0 (0)             ; 0 (0)        ; 4096        ; 0            ; 0       ; 0         ; 0    ; 0            ; |shiyan7|lpm_rom0:inst2|altsyncram:altsyncram_component|altsyncram_ri81:auto_generated ; work         ;
+-------------------------------------------+-------------------+--------------+-------------+--------------+---------+-----------+------+--------------+----------------------------------------------------------------------------------------+--------------+
Note: For table entries with two numbers listed, the numbers in parentheses indicate the number of resources of the given type used by the specific entity alone. The numbers listed outside of parentheses indicate the total resources of the given type used by the specific entity and all of its sub-entities in the hierarchy.


+---------------------------------------------------------------------------------------------------------------------------------------------------------------------------------+
; Analysis & Synthesis RAM Summary                                                                                                                                                ;
+------------------------------------------------------------------------------------------+------+------+--------------+--------------+--------------+--------------+------+-----+
; Name                                                                                     ; Type ; Mode ; Port A Depth ; Port A Width ; Port B Depth ; Port B Width ; Size ; MIF ;
+------------------------------------------------------------------------------------------+------+------+--------------+--------------+--------------+--------------+------+-----+
; lpm_rom0:inst2|altsyncram:altsyncram_component|altsyncram_ri81:auto_generated|ALTSYNCRAM ; AUTO ; ROM  ; 256          ; 16           ; --           ; --           ; 4096 ; mem ;
+------------------------------------------------------------------------------------------+------+------+--------------+--------------+--------------+--------------+------+-----+


+--------------------------------------------------------------------------------+
; Registers Removed During Synthesis                                             ;
+---------------------------------------+----------------------------------------+
; Register name                         ; Reason for Removal                     ;
+---------------------------------------+----------------------------------------+
; IR:inst1|sel_temp[2]                  ; Stuck at GND due to stuck port data_in ;
; IR:inst1|sel[2]                       ; Stuck at GND due to stuck port data_in ;
; Total Number of Removed Registers = 2 ;                                        ;
+---------------------------------------+----------------------------------------+


+-------------------------------------------------------------------------------------------+
; Removed Registers Triggering Further Register Optimizations                               ;
+----------------------+---------------------------+----------------------------------------+
; Register name        ; Reason for Removal        ; Registers Removed due to This Register ;
+----------------------+---------------------------+----------------------------------------+
; IR:inst1|sel_temp[2] ; Stuck at GND              ; IR:inst1|sel[2]                        ;
;                      ; due to stuck port data_in ;                                        ;
+----------------------+---------------------------+----------------------------------------+


+------------------------------------------------------+
; General Register Statistics                          ;
+----------------------------------------------+-------+
; Statistic                                    ; Value ;
+----------------------------------------------+-------+
; Total registers                              ; 21    ;
; Number of registers using Synchronous Clear  ; 8     ;
; Number of registers using Synchronous Load   ; 8     ;
; Number of registers using Asynchronous Clear ; 0     ;
; Number of registers using Asynchronous Load  ; 0     ;
; Number of registers using Clock Enable       ; 0     ;
; Number of registers using Preset             ; 0     ;
+----------------------------------------------+-------+


+-------------------------------------------------------------------------------------------------------------------------------------------+
; Multiplexer Restructuring Statistics (Restructuring Performed)                                                                            ;
+--------------------+-----------+---------------+----------------------+------------------------+------------+-----------------------------+
; Multiplexer Inputs ; Bus Width ; Baseline Area ; Area if Restructured ; Saving if Restructured ; Registered ; Example Multiplexer Output  ;
+--------------------+-----------+---------------+----------------------+------------------------+------------+-----------------------------+
; 3:1                ; 8 bits    ; 16 LEs        ; 16 LEs               ; 0 LEs                  ; Yes        ; |shiyan7|PC:inst3|output[0] ;
; 8:1                ; 4 bits    ; 20 LEs        ; 8 LEs                ; 12 LEs                 ; Yes        ; |shiyan7|IR:inst1|data[3]   ;
+--------------------+-----------+---------------+----------------------+------------------------+------------+-----------------------------+


+------------------------------------------------------------------------------------------------------+
; Source assignments for lpm_rom0:inst2|altsyncram:altsyncram_component|altsyncram_ri81:auto_generated ;
+---------------------------------+--------------------+------+----------------------------------------+
; Assignment                      ; Value              ; From ; To                                     ;
+---------------------------------+--------------------+------+----------------------------------------+
; OPTIMIZE_POWER_DURING_SYNTHESIS ; NORMAL_COMPILATION ; -    ; -                                      ;
+---------------------------------+--------------------+------+----------------------------------------+


+---------------------------------------------------------------------------------------------+
; Parameter Settings for User Entity Instance: lpm_rom0:inst2|altsyncram:altsyncram_component ;
+------------------------------------+----------------------+---------------------------------+
; Parameter Name                     ; Value                ; Type                            ;
+------------------------------------+----------------------+---------------------------------+
; BYTE_SIZE_BLOCK                    ; 8                    ; Untyped                         ;
; AUTO_CARRY_CHAINS                  ; ON                   ; AUTO_CARRY                      ;
; IGNORE_CARRY_BUFFERS               ; OFF                  ; IGNORE_CARRY                    ;
; AUTO_CASCADE_CHAINS                ; ON                   ; AUTO_CASCADE                    ;
; IGNORE_CASCADE_BUFFERS             ; OFF                  ; IGNORE_CASCADE                  ;
; WIDTH_BYTEENA                      ; 1                    ; Untyped                         ;
; OPERATION_MODE                     ; ROM                  ; Untyped                         ;
; WIDTH_A                            ; 16                   ; Signed Integer                  ;
; WIDTHAD_A                          ; 8                    ; Signed Integer                  ;
; NUMWORDS_A                         ; 256                  ; Signed Integer                  ;
; OUTDATA_REG_A                      ; CLOCK0               ; Untyped                         ;
; ADDRESS_ACLR_A                     ; NONE                 ; Untyped                         ;
; OUTDATA_ACLR_A                     ; NONE                 ; Untyped                         ;
; WRCONTROL_ACLR_A                   ; NONE                 ; Untyped                         ;
; INDATA_ACLR_A                      ; NONE                 ; Untyped                         ;
; BYTEENA_ACLR_A                     ; NONE                 ; Untyped                         ;
; WIDTH_B                            ; 1                    ; Untyped                         ;
; WIDTHAD_B                          ; 1                    ; Untyped                         ;
; NUMWORDS_B                         ; 1                    ; Untyped                         ;
; INDATA_REG_B                       ; CLOCK1               ; Untyped                         ;
; WRCONTROL_WRADDRESS_REG_B          ; CLOCK1               ; Untyped                         ;
; RDCONTROL_REG_B                    ; CLOCK1               ; Untyped                         ;
; ADDRESS_REG_B                      ; CLOCK1               ; Untyped                         ;
; OUTDATA_REG_B                      ; UNREGISTERED         ; Untyped                         ;
; BYTEENA_REG_B                      ; CLOCK1               ; Untyped                         ;
; INDATA_ACLR_B                      ; NONE                 ; Untyped                         ;
; WRCONTROL_ACLR_B                   ; NONE                 ; Untyped                         ;
; ADDRESS_ACLR_B                     ; NONE                 ; Untyped                         ;
; OUTDATA_ACLR_B                     ; NONE                 ; Untyped                         ;
; RDCONTROL_ACLR_B                   ; NONE                 ; Untyped                         ;
; BYTEENA_ACLR_B                     ; NONE                 ; Untyped                         ;
; WIDTH_BYTEENA_A                    ; 1                    ; Signed Integer                  ;
; WIDTH_BYTEENA_B                    ; 1                    ; Untyped                         ;
; RAM_BLOCK_TYPE                     ; AUTO                 ; Untyped                         ;
; BYTE_SIZE                          ; 8                    ; Untyped                         ;
; READ_DURING_WRITE_MODE_MIXED_PORTS ; DONT_CARE            ; Untyped                         ;
; READ_DURING_WRITE_MODE_PORT_A      ; NEW_DATA_NO_NBE_READ ; Untyped                         ;
; READ_DURING_WRITE_MODE_PORT_B      ; NEW_DATA_NO_NBE_READ ; Untyped                         ;
; INIT_FILE                          ; mem                  ; Untyped                         ;
; INIT_FILE_LAYOUT                   ; PORT_A               ; Untyped                         ;
; MAXIMUM_DEPTH                      ; 0                    ; Untyped                         ;
; CLOCK_ENABLE_INPUT_A               ; BYPASS               ; Untyped                         ;
; CLOCK_ENABLE_INPUT_B               ; NORMAL               ; Untyped                         ;
; CLOCK_ENABLE_OUTPUT_A              ; BYPASS               ; Untyped                         ;
; CLOCK_ENABLE_OUTPUT_B              ; NORMAL               ; Untyped                         ;
; CLOCK_ENABLE_CORE_A                ; USE_INPUT_CLKEN      ; Untyped                         ;
; CLOCK_ENABLE_CORE_B                ; USE_INPUT_CLKEN      ; Untyped                         ;
; ENABLE_ECC                         ; FALSE                ; Untyped                         ;
; DEVICE_FAMILY                      ; Cyclone III          ; Untyped                         ;
; CBXI_PARAMETER                     ; altsyncram_ri81      ; Untyped                         ;
+------------------------------------+----------------------+---------------------------------+
Note: In order to hide this table in the UI and the text report file, please set the "Show Parameter Settings Tables in Synthesis Report" option in "Analysis and Synthesis Settings -> More Settings" to "Off".


+--------------------------------------------------------------------------------------------+
; altsyncram Parameter Settings by Entity Instance                                           ;
+-------------------------------------------+------------------------------------------------+
; Name                                      ; Value                                          ;
+-------------------------------------------+------------------------------------------------+
; Number of entity instances                ; 1                                              ;
; Entity Instance                           ; lpm_rom0:inst2|altsyncram:altsyncram_component ;
;     -- OPERATION_MODE                     ; ROM                                            ;
;     -- WIDTH_A                            ; 16                                             ;
;     -- NUMWORDS_A                         ; 256                                            ;
;     -- OUTDATA_REG_A                      ; CLOCK0                                         ;
;     -- WIDTH_B                            ; 1                                              ;
;     -- NUMWORDS_B                         ; 1                                              ;
;     -- ADDRESS_REG_B                      ; CLOCK1                                         ;
;     -- OUTDATA_REG_B                      ; UNREGISTERED                                   ;
;     -- RAM_BLOCK_TYPE                     ; AUTO                                           ;
;     -- READ_DURING_WRITE_MODE_MIXED_PORTS ; DONT_CARE                                      ;
+-------------------------------------------+------------------------------------------------+


+-------------------------------+
; Analysis & Synthesis Messages ;
+-------------------------------+
Info: *******************************************************************
Info: Running Quartus II Analysis & Synthesis
    Info: Version 9.0 Build 235 06/17/2009 Service Pack 2 SJ Web Edition
    Info: Processing started: Sat May 27 11:01:46 2017
Info: Command: quartus_map --read_settings_files=on --write_settings_files=off shiyan7 -c shiyan7
Info: Found 1 design units, including 1 entities, in source file shiyan7.bdf
    Info: Found entity 1: shiyan7
Info: Elaborating entity "shiyan7" for the top level hierarchy
Warning: Using design file IR.vhd, which is not specified as a design file for the current project, but contains definitions for 2 design units and 1 entities in project
    Info: Found design unit 1: IR-one
    Info: Found entity 1: IR
Info: Elaborating entity "IR" for hierarchy "IR:inst1"
Warning (10492): VHDL Process Statement warning at IR.vhd(32): signal "data" is read inside the Process Statement but isn't in the Process Statement's sensitivity list
Warning: Using design file FRQ.vhd, which is not specified as a design file for the current project, but contains definitions for 2 design units and 1 entities in project
    Info: Found design unit 1: FRQ-one
    Info: Found entity 1: FRQ
Info: Elaborating entity "FRQ" for hierarchy "FRQ:inst"
Warning: Using design file lpm_rom0.vhd, which is not specified as a design file for the current project, but contains definitions for 2 design units and 1 entities in project
    Info: Found design unit 1: lpm_rom0-SYN
    Info: Found entity 1: lpm_rom0
Info: Elaborating entity "lpm_rom0" for hierarchy "lpm_rom0:inst2"
Info: Elaborating entity "altsyncram" for hierarchy "lpm_rom0:inst2|altsyncram:altsyncram_component"
Info: Elaborated megafunction instantiation "lpm_rom0:inst2|altsyncram:altsyncram_component"
Info: Instantiated megafunction "lpm_rom0:inst2|altsyncram:altsyncram_component" with the following parameter:
    Info: Parameter "address_aclr_a" = "NONE"
    Info: Parameter "clock_enable_input_a" = "BYPASS"
    Info: Parameter "clock_enable_output_a" = "BYPASS"
    Info: Parameter "init_file" = "mem"
    Info: Parameter "intended_device_family" = "Cyclone III"
    Info: Parameter "lpm_hint" = "ENABLE_RUNTIME_MOD=NO"
    Info: Parameter "lpm_type" = "altsyncram"
    Info: Parameter "numwords_a" = "256"
    Info: Parameter "operation_mode" = "ROM"
    Info: Parameter "outdata_aclr_a" = "NONE"
    Info: Parameter "outdata_reg_a" = "CLOCK0"
    Info: Parameter "widthad_a" = "8"
    Info: Parameter "width_a" = "16"
    Info: Parameter "width_byteena_a" = "1"
Info: Found 1 design units, including 1 entities, in source file db/altsyncram_ri81.tdf
    Info: Found entity 1: altsyncram_ri81
Info: Elaborating entity "altsyncram_ri81" for hierarchy "lpm_rom0:inst2|altsyncram:altsyncram_component|altsyncram_ri81:auto_generated"
Warning: Using design file PC.vhd, which is not specified as a design file for the current project, but contains definitions for 2 design units and 1 entities in project
    Info: Found design unit 1: PC-one
    Info: Found entity 1: PC
Info: Elaborating entity "PC" for hierarchy "PC:inst3"
Warning: Output pins are stuck at VCC or GND
    Warning (13410): Pin "led7[7]" is stuck at GND
    Warning (13410): Pin "sel[2]" is stuck at GND
Info: Implemented 71 device resources after synthesis - the final resource count might be different
    Info: Implemented 12 input pins
    Info: Implemented 11 output pins
    Info: Implemented 32 logic cells
    Info: Implemented 16 RAM segments
Info: Quartus II Analysis & Synthesis was successful. 0 errors, 8 warnings
    Info: Peak virtual memory: 271 megabytes
    Info: Processing ended: Sat May 27 11:01:50 2017
    Info: Elapsed time: 00:00:04
    Info: Total CPU time (on all processors): 00:00:02


