TimeQuest Timing Analyzer report for Decode3_8
Mon Apr 17 06:33:03 2017
Quartus II Version 8.1 Build 163 10/28/2008 SJ Web Edition


---------------------
; Table of Contents ;
---------------------
  1. Legal Notice
  2. TimeQuest Timing Analyzer Summary
  3. Clocks
  4. Slow 1200mV 85C Model Fmax Summary
  5. Slow 1200mV 85C Model Setup Summary
  6. Slow 1200mV 85C Model Hold Summary
  7. Slow 1200mV 85C Model Recovery Summary
  8. Slow 1200mV 85C Model Removal Summary
  9. Slow 1200mV 85C Model Minimum Pulse Width
 10. Propagation Delay
 11. Minimum Propagation Delay
 12. Slow 1200mV 0C Model Fmax Summary
 13. Slow 1200mV 0C Model Setup Summary
 14. Slow 1200mV 0C Model Hold Summary
 15. Slow 1200mV 0C Model Recovery Summary
 16. Slow 1200mV 0C Model Removal Summary
 17. Slow 1200mV 0C Model Minimum Pulse Width
 18. Propagation Delay
 19. Minimum Propagation Delay
 20. Fast 1200mV 0C Model Setup Summary
 21. Fast 1200mV 0C Model Hold Summary
 22. Fast 1200mV 0C Model Recovery Summary
 23. Fast 1200mV 0C Model Removal Summary
 24. Fast 1200mV 0C Model Minimum Pulse Width
 25. Propagation Delay
 26. Minimum Propagation Delay
 27. Multicorner Timing Analysis Summary
 28. Progagation Delay
 29. Minimum Progagation Delay
 30. Board Trace Model Assignments
 31. Input Transition Times
 32. Slow Corner Signal Integrity Metrics
 33. Fast Corner Signal Integrity Metrics
 34. Clock Transfers
 35. Report TCCS
 36. Report RSKM
 37. Unconstrained Paths
 38. TimeQuest Timing Analyzer Messages



----------------
; Legal Notice ;
----------------
Copyright (C) 1991-2008 Altera Corporation
Your use of Altera Corporation's design tools, logic functions 
and other software and tools, and its AMPP partner logic 
functions, and any output files from any of the foregoing 
(including device programming or simulation files), and any 
associated documentation or information are expressly subject 
to the terms and conditions of the Altera Program License 
Subscription Agreement, Altera MegaCore Function License 
Agreement, or other applicable license agreement, including, 
without limitation, that your use is for the sole purpose of 
programming logic devices manufactured by Altera and sold by 
Altera or its authorized distributors.  Please refer to the 
applicable agreement for further details.



+----------------------------------------------------------------------+
; TimeQuest Timing Analyzer Summary                                    ;
+--------------------+-------------------------------------------------+
; Quartus II Version ; Version 8.1 Build 163 10/28/2008 SJ Web Edition ;
; Revision Name      ; Decode3_8                                       ;
; Device Family      ; Cyclone III                                     ;
; Device Name        ; EP3C40F780C8                                    ;
; Timing Models      ; Final                                           ;
; Delay Model        ; Combined                                        ;
; Rise/Fall Delays   ; Enabled                                         ;
+--------------------+-------------------------------------------------+


----------
; Clocks ;
----------
No clocks to report.


--------------------------------------
; Slow 1200mV 85C Model Fmax Summary ;
--------------------------------------
No paths to report.


---------------------------------------
; Slow 1200mV 85C Model Setup Summary ;
---------------------------------------
No paths to report.


--------------------------------------
; Slow 1200mV 85C Model Hold Summary ;
--------------------------------------
No paths to report.


------------------------------------------
; Slow 1200mV 85C Model Recovery Summary ;
------------------------------------------
No paths to report.


-----------------------------------------
; Slow 1200mV 85C Model Removal Summary ;
-----------------------------------------
No paths to report.


---------------------------------------------
; Slow 1200mV 85C Model Minimum Pulse Width ;
---------------------------------------------
Nothing to report.


+----------------------------------------------------------+
; Propagation Delay                                        ;
+------------+-------------+-------+-------+-------+-------+
; Input Port ; Output Port ; RR    ; RF    ; FR    ; FF    ;
+------------+-------------+-------+-------+-------+-------+
; S[0]       ; COUT[0]     ;       ; 7.697 ; 8.012 ;       ;
; S[0]       ; COUT[1]     ; 8.141 ;       ;       ; 8.254 ;
; S[0]       ; COUT[2]     ;       ; 8.010 ; 8.376 ;       ;
; S[0]       ; COUT[3]     ; 8.162 ;       ;       ; 8.273 ;
; S[0]       ; COUT[4]     ;       ; 7.715 ; 8.028 ;       ;
; S[0]       ; COUT[5]     ; 7.809 ;       ;       ; 7.972 ;
; S[0]       ; COUT[6]     ;       ; 7.993 ; 8.348 ;       ;
; S[0]       ; COUT[7]     ; 7.713 ;       ;       ; 8.115 ;
; S[1]       ; COUT[0]     ;       ; 7.618 ; 7.981 ;       ;
; S[1]       ; COUT[1]     ;       ; 7.911 ; 8.313 ;       ;
; S[1]       ; COUT[2]     ; 8.036 ;       ;       ; 8.216 ;
; S[1]       ; COUT[3]     ; 8.029 ;       ;       ; 8.191 ;
; S[1]       ; COUT[4]     ;       ; 7.560 ; 7.931 ;       ;
; S[1]       ; COUT[5]     ;       ; 7.569 ; 7.940 ;       ;
; S[1]       ; COUT[6]     ; 7.943 ;       ;       ; 8.108 ;
; S[1]       ; COUT[7]     ; 7.568 ;       ;       ; 8.022 ;
; S[2]       ; COUT[0]     ;       ; 7.480 ; 7.846 ;       ;
; S[2]       ; COUT[1]     ;       ; 7.785 ; 8.201 ;       ;
; S[2]       ; COUT[2]     ;       ; 7.795 ; 8.210 ;       ;
; S[2]       ; COUT[3]     ;       ; 7.802 ; 8.219 ;       ;
; S[2]       ; COUT[4]     ; 7.586 ;       ;       ; 7.751 ;
; S[2]       ; COUT[5]     ; 7.597 ;       ;       ; 7.759 ;
; S[2]       ; COUT[6]     ; 7.911 ;       ;       ; 8.033 ;
; S[2]       ; COUT[7]     ; 7.492 ;       ;       ; 7.948 ;
+------------+-------------+-------+-------+-------+-------+


+----------------------------------------------------------+
; Minimum Propagation Delay                                ;
+------------+-------------+-------+-------+-------+-------+
; Input Port ; Output Port ; RR    ; RF    ; FR    ; FF    ;
+------------+-------------+-------+-------+-------+-------+
; S[0]       ; COUT[0]     ;       ; 7.526 ; 7.827 ;       ;
; S[0]       ; COUT[1]     ; 7.954 ;       ;       ; 8.056 ;
; S[0]       ; COUT[2]     ;       ; 7.827 ; 8.177 ;       ;
; S[0]       ; COUT[3]     ; 7.976 ;       ;       ; 8.076 ;
; S[0]       ; COUT[4]     ;       ; 7.545 ; 7.842 ;       ;
; S[0]       ; COUT[5]     ; 7.636 ;       ;       ; 7.789 ;
; S[0]       ; COUT[6]     ;       ; 7.813 ; 8.151 ;       ;
; S[0]       ; COUT[7]     ; 7.534 ;       ;       ; 7.918 ;
; S[1]       ; COUT[0]     ;       ; 7.446 ; 7.774 ;       ;
; S[1]       ; COUT[1]     ;       ; 7.700 ; 8.095 ;       ;
; S[1]       ; COUT[2]     ; 7.833 ;       ;       ; 8.004 ;
; S[1]       ; COUT[3]     ; 7.828 ;       ;       ; 7.966 ;
; S[1]       ; COUT[4]     ;       ; 7.386 ; 7.721 ;       ;
; S[1]       ; COUT[5]     ;       ; 7.376 ; 7.734 ;       ;
; S[1]       ; COUT[6]     ; 7.745 ;       ;       ; 7.898 ;
; S[1]       ; COUT[7]     ; 7.366 ;       ;       ; 7.803 ;
; S[2]       ; COUT[0]     ;       ; 7.313 ; 7.667 ;       ;
; S[2]       ; COUT[1]     ;       ; 7.605 ; 8.008 ;       ;
; S[2]       ; COUT[2]     ;       ; 7.617 ; 8.017 ;       ;
; S[2]       ; COUT[3]     ;       ; 7.624 ; 8.026 ;       ;
; S[2]       ; COUT[4]     ; 7.416 ;       ;       ; 7.574 ;
; S[2]       ; COUT[5]     ; 7.428 ;       ;       ; 7.582 ;
; S[2]       ; COUT[6]     ; 7.730 ;       ;       ; 7.846 ;
; S[2]       ; COUT[7]     ; 7.316 ;       ;       ; 7.758 ;
+------------+-------------+-------+-------+-------+-------+


-------------------------------------
; Slow 1200mV 0C Model Fmax Summary ;
-------------------------------------
No paths to report.


--------------------------------------
; Slow 1200mV 0C Model Setup Summary ;
--------------------------------------
No paths to report.


-------------------------------------
; Slow 1200mV 0C Model Hold Summary ;
-------------------------------------
No paths to report.


-----------------------------------------
; Slow 1200mV 0C Model Recovery Summary ;
-----------------------------------------
No paths to report.


----------------------------------------
; Slow 1200mV 0C Model Removal Summary ;
----------------------------------------
No paths to report.


--------------------------------------------
; Slow 1200mV 0C Model Minimum Pulse Width ;
--------------------------------------------
Nothing to report.


+----------------------------------------------------------+
; Propagation Delay                                        ;
+------------+-------------+-------+-------+-------+-------+
; Input Port ; Output Port ; RR    ; RF    ; FR    ; FF    ;
+------------+-------------+-------+-------+-------+-------+
; S[0]       ; COUT[0]     ;       ; 7.224 ; 7.459 ;       ;
; S[0]       ; COUT[1]     ; 7.686 ;       ;       ; 7.627 ;
; S[0]       ; COUT[2]     ;       ; 7.504 ; 7.810 ;       ;
; S[0]       ; COUT[3]     ; 7.714 ;       ;       ; 7.648 ;
; S[0]       ; COUT[4]     ;       ; 7.241 ; 7.473 ;       ;
; S[0]       ; COUT[5]     ; 7.368 ;       ;       ; 7.382 ;
; S[0]       ; COUT[6]     ;       ; 7.492 ; 7.785 ;       ;
; S[0]       ; COUT[7]     ; 7.215 ;       ;       ; 7.548 ;
; S[1]       ; COUT[0]     ;       ; 7.174 ; 7.428 ;       ;
; S[1]       ; COUT[1]     ;       ; 7.440 ; 7.751 ;       ;
; S[1]       ; COUT[2]     ; 7.622 ;       ;       ; 7.603 ;
; S[1]       ; COUT[3]     ; 7.619 ;       ;       ; 7.579 ;
; S[1]       ; COUT[4]     ;       ; 7.119 ; 7.383 ;       ;
; S[1]       ; COUT[5]     ;       ; 7.136 ; 7.395 ;       ;
; S[1]       ; COUT[6]     ; 7.537 ;       ;       ; 7.504 ;
; S[1]       ; COUT[7]     ; 7.105 ;       ;       ; 7.463 ;
; S[2]       ; COUT[0]     ;       ; 7.005 ; 7.309 ;       ;
; S[2]       ; COUT[1]     ;       ; 7.275 ; 7.649 ;       ;
; S[2]       ; COUT[2]     ;       ; 7.287 ; 7.661 ;       ;
; S[2]       ; COUT[3]     ;       ; 7.294 ; 7.671 ;       ;
; S[2]       ; COUT[4]     ; 7.146 ;       ;       ; 7.178 ;
; S[2]       ; COUT[5]     ; 7.157 ;       ;       ; 7.190 ;
; S[2]       ; COUT[6]     ; 7.464 ;       ;       ; 7.433 ;
; S[2]       ; COUT[7]     ; 6.993 ;       ;       ; 7.399 ;
+------------+-------------+-------+-------+-------+-------+


+----------------------------------------------------------+
; Minimum Propagation Delay                                ;
+------------+-------------+-------+-------+-------+-------+
; Input Port ; Output Port ; RR    ; RF    ; FR    ; FF    ;
+------------+-------------+-------+-------+-------+-------+
; S[0]       ; COUT[0]     ;       ; 7.073 ; 7.298 ;       ;
; S[0]       ; COUT[1]     ; 7.517 ;       ;       ; 7.457 ;
; S[0]       ; COUT[2]     ;       ; 7.343 ; 7.636 ;       ;
; S[0]       ; COUT[3]     ; 7.545 ;       ;       ; 7.479 ;
; S[0]       ; COUT[4]     ;       ; 7.090 ; 7.313 ;       ;
; S[0]       ; COUT[5]     ; 7.214 ;       ;       ; 7.224 ;
; S[0]       ; COUT[6]     ;       ; 7.331 ; 7.614 ;       ;
; S[0]       ; COUT[7]     ; 7.057 ;       ;       ; 7.378 ;
; S[1]       ; COUT[0]     ;       ; 7.025 ; 7.246 ;       ;
; S[1]       ; COUT[1]     ;       ; 7.256 ; 7.559 ;       ;
; S[1]       ; COUT[2]     ; 7.431 ;       ;       ; 7.418 ;
; S[1]       ; COUT[3]     ; 7.430 ;       ;       ; 7.384 ;
; S[1]       ; COUT[4]     ;       ; 6.971 ; 7.201 ;       ;
; S[1]       ; COUT[5]     ;       ; 6.969 ; 7.214 ;       ;
; S[1]       ; COUT[6]     ; 7.351 ;       ;       ; 7.320 ;
; S[1]       ; COUT[7]     ; 6.930 ;       ;       ; 7.273 ;
; S[2]       ; COUT[0]     ;       ; 6.859 ; 7.155 ;       ;
; S[2]       ; COUT[1]     ;       ; 7.117 ; 7.482 ;       ;
; S[2]       ; COUT[2]     ;       ; 7.131 ; 7.494 ;       ;
; S[2]       ; COUT[3]     ;       ; 7.138 ; 7.503 ;       ;
; S[2]       ; COUT[4]     ; 6.998 ;       ;       ; 7.028 ;
; S[2]       ; COUT[5]     ; 7.008 ;       ;       ; 7.040 ;
; S[2]       ; COUT[6]     ; 7.304 ;       ;       ; 7.273 ;
; S[2]       ; COUT[7]     ; 6.839 ;       ;       ; 7.235 ;
+------------+-------------+-------+-------+-------+-------+


--------------------------------------
; Fast 1200mV 0C Model Setup Summary ;
--------------------------------------
No paths to report.


-------------------------------------
; Fast 1200mV 0C Model Hold Summary ;
-------------------------------------
No paths to report.


-----------------------------------------
; Fast 1200mV 0C Model Recovery Summary ;
-----------------------------------------
No paths to report.


----------------------------------------
; Fast 1200mV 0C Model Removal Summary ;
----------------------------------------
No paths to report.


--------------------------------------------
; Fast 1200mV 0C Model Minimum Pulse Width ;
--------------------------------------------
Nothing to report.


+----------------------------------------------------------+
; Propagation Delay                                        ;
+------------+-------------+-------+-------+-------+-------+
; Input Port ; Output Port ; RR    ; RF    ; FR    ; FF    ;
+------------+-------------+-------+-------+-------+-------+
; S[0]       ; COUT[0]     ;       ; 3.787 ; 4.348 ;       ;
; S[0]       ; COUT[1]     ; 3.923 ;       ;       ; 4.518 ;
; S[0]       ; COUT[2]     ;       ; 3.964 ; 4.505 ;       ;
; S[0]       ; COUT[3]     ; 3.936 ;       ;       ; 4.538 ;
; S[0]       ; COUT[4]     ;       ; 3.803 ; 4.362 ;       ;
; S[0]       ; COUT[5]     ; 3.805 ;       ;       ; 4.380 ;
; S[0]       ; COUT[6]     ;       ; 3.954 ; 4.491 ;       ;
; S[0]       ; COUT[7]     ; 3.781 ;       ;       ; 4.318 ;
; S[1]       ; COUT[0]     ;       ; 3.752 ; 4.324 ;       ;
; S[1]       ; COUT[1]     ;       ; 3.907 ; 4.461 ;       ;
; S[1]       ; COUT[2]     ; 3.889 ;       ;       ; 4.497 ;
; S[1]       ; COUT[3]     ; 3.882 ;       ;       ; 4.489 ;
; S[1]       ; COUT[4]     ;       ; 3.733 ; 4.309 ;       ;
; S[1]       ; COUT[5]     ;       ; 3.745 ; 4.322 ;       ;
; S[1]       ; COUT[6]     ; 3.848 ;       ;       ; 4.455 ;
; S[1]       ; COUT[7]     ; 3.718 ;       ;       ; 4.269 ;
; S[2]       ; COUT[0]     ;       ; 3.742 ; 4.315 ;       ;
; S[2]       ; COUT[1]     ;       ; 3.903 ; 4.459 ;       ;
; S[2]       ; COUT[2]     ;       ; 3.920 ; 4.471 ;       ;
; S[2]       ; COUT[3]     ;       ; 3.921 ; 4.469 ;       ;
; S[2]       ; COUT[4]     ; 3.749 ;       ;       ; 4.320 ;
; S[2]       ; COUT[5]     ; 3.763 ;       ;       ; 4.333 ;
; S[2]       ; COUT[6]     ; 3.881 ;       ;       ; 4.475 ;
; S[2]       ; COUT[7]     ; 3.735 ;       ;       ; 4.285 ;
+------------+-------------+-------+-------+-------+-------+


+----------------------------------------------------------+
; Minimum Propagation Delay                                ;
+------------+-------------+-------+-------+-------+-------+
; Input Port ; Output Port ; RR    ; RF    ; FR    ; FF    ;
+------------+-------------+-------+-------+-------+-------+
; S[0]       ; COUT[0]     ;       ; 3.705 ; 4.261 ;       ;
; S[0]       ; COUT[1]     ; 3.835 ;       ;       ; 4.423 ;
; S[0]       ; COUT[2]     ;       ; 3.874 ; 4.412 ;       ;
; S[0]       ; COUT[3]     ; 3.849 ;       ;       ; 4.443 ;
; S[0]       ; COUT[4]     ;       ; 3.720 ; 4.275 ;       ;
; S[0]       ; COUT[5]     ; 3.723 ;       ;       ; 4.292 ;
; S[0]       ; COUT[6]     ;       ; 3.865 ; 4.399 ;       ;
; S[0]       ; COUT[7]     ; 3.693 ;       ;       ; 4.226 ;
; S[1]       ; COUT[0]     ;       ; 3.662 ; 4.225 ;       ;
; S[1]       ; COUT[1]     ;       ; 3.802 ; 4.356 ;       ;
; S[1]       ; COUT[2]     ; 3.798 ;       ;       ; 4.393 ;
; S[1]       ; COUT[3]     ; 3.791 ;       ;       ; 4.383 ;
; S[1]       ; COUT[4]     ;       ; 3.644 ; 4.209 ;       ;
; S[1]       ; COUT[5]     ;       ; 3.650 ; 4.222 ;       ;
; S[1]       ; COUT[6]     ; 3.758 ;       ;       ; 4.351 ;
; S[1]       ; COUT[7]     ; 3.617 ;       ;       ; 4.166 ;
; S[2]       ; COUT[0]     ;       ; 3.665 ; 4.230 ;       ;
; S[2]       ; COUT[1]     ;       ; 3.819 ; 4.367 ;       ;
; S[2]       ; COUT[2]     ;       ; 3.836 ; 4.380 ;       ;
; S[2]       ; COUT[3]     ;       ; 3.836 ; 4.378 ;       ;
; S[2]       ; COUT[4]     ; 3.672 ;       ;       ; 4.234 ;
; S[2]       ; COUT[5]     ; 3.685 ;       ;       ; 4.248 ;
; S[2]       ; COUT[6]     ; 3.799 ;       ;       ; 4.384 ;
; S[2]       ; COUT[7]     ; 3.652 ;       ;       ; 4.195 ;
+------------+-------------+-------+-------+-------+-------+


+----------------------------------------------------------------------------+
; Multicorner Timing Analysis Summary                                        ;
+------------------+-------+------+----------+---------+---------------------+
; Clock            ; Setup ; Hold ; Recovery ; Removal ; Minimum Pulse Width ;
+------------------+-------+------+----------+---------+---------------------+
; Worst-case Slack ; 0.0   ; 0.0  ; 0.0      ; 0.0     ; 0.0                 ;
; Design-wide TNS  ; 0.0   ; 0.0  ; 0.0      ; 0.0     ; N/A                 ;
+------------------+-------+------+----------+---------+---------------------+


+----------------------------------------------------------+
; Progagation Delay                                        ;
+------------+-------------+-------+-------+-------+-------+
; Input Port ; Output Port ; RR    ; RF    ; FR    ; FF    ;
+------------+-------------+-------+-------+-------+-------+
; S[0]       ; COUT[0]     ;       ; 7.697 ; 8.012 ;       ;
; S[0]       ; COUT[1]     ; 8.141 ;       ;       ; 8.254 ;
; S[0]       ; COUT[2]     ;       ; 8.010 ; 8.376 ;       ;
; S[0]       ; COUT[3]     ; 8.162 ;       ;       ; 8.273 ;
; S[0]       ; COUT[4]     ;       ; 7.715 ; 8.028 ;       ;
; S[0]       ; COUT[5]     ; 7.809 ;       ;       ; 7.972 ;
; S[0]       ; COUT[6]     ;       ; 7.993 ; 8.348 ;       ;
; S[0]       ; COUT[7]     ; 7.713 ;       ;       ; 8.115 ;
; S[1]       ; COUT[0]     ;       ; 7.618 ; 7.981 ;       ;
; S[1]       ; COUT[1]     ;       ; 7.911 ; 8.313 ;       ;
; S[1]       ; COUT[2]     ; 8.036 ;       ;       ; 8.216 ;
; S[1]       ; COUT[3]     ; 8.029 ;       ;       ; 8.191 ;
; S[1]       ; COUT[4]     ;       ; 7.560 ; 7.931 ;       ;
; S[1]       ; COUT[5]     ;       ; 7.569 ; 7.940 ;       ;
; S[1]       ; COUT[6]     ; 7.943 ;       ;       ; 8.108 ;
; S[1]       ; COUT[7]     ; 7.568 ;       ;       ; 8.022 ;
; S[2]       ; COUT[0]     ;       ; 7.480 ; 7.846 ;       ;
; S[2]       ; COUT[1]     ;       ; 7.785 ; 8.201 ;       ;
; S[2]       ; COUT[2]     ;       ; 7.795 ; 8.210 ;       ;
; S[2]       ; COUT[3]     ;       ; 7.802 ; 8.219 ;       ;
; S[2]       ; COUT[4]     ; 7.586 ;       ;       ; 7.751 ;
; S[2]       ; COUT[5]     ; 7.597 ;       ;       ; 7.759 ;
; S[2]       ; COUT[6]     ; 7.911 ;       ;       ; 8.033 ;
; S[2]       ; COUT[7]     ; 7.492 ;       ;       ; 7.948 ;
+------------+-------------+-------+-------+-------+-------+


+----------------------------------------------------------+
; Minimum Progagation Delay                                ;
+------------+-------------+-------+-------+-------+-------+
; Input Port ; Output Port ; RR    ; RF    ; FR    ; FF    ;
+------------+-------------+-------+-------+-------+-------+
; S[0]       ; COUT[0]     ;       ; 3.705 ; 4.261 ;       ;
; S[0]       ; COUT[1]     ; 3.835 ;       ;       ; 4.423 ;
; S[0]       ; COUT[2]     ;       ; 3.874 ; 4.412 ;       ;
; S[0]       ; COUT[3]     ; 3.849 ;       ;       ; 4.443 ;
; S[0]       ; COUT[4]     ;       ; 3.720 ; 4.275 ;       ;
; S[0]       ; COUT[5]     ; 3.723 ;       ;       ; 4.292 ;
; S[0]       ; COUT[6]     ;       ; 3.865 ; 4.399 ;       ;
; S[0]       ; COUT[7]     ; 3.693 ;       ;       ; 4.226 ;
; S[1]       ; COUT[0]     ;       ; 3.662 ; 4.225 ;       ;
; S[1]       ; COUT[1]     ;       ; 3.802 ; 4.356 ;       ;
; S[1]       ; COUT[2]     ; 3.798 ;       ;       ; 4.393 ;
; S[1]       ; COUT[3]     ; 3.791 ;       ;       ; 4.383 ;
; S[1]       ; COUT[4]     ;       ; 3.644 ; 4.209 ;       ;
; S[1]       ; COUT[5]     ;       ; 3.650 ; 4.222 ;       ;
; S[1]       ; COUT[6]     ; 3.758 ;       ;       ; 4.351 ;
; S[1]       ; COUT[7]     ; 3.617 ;       ;       ; 4.166 ;
; S[2]       ; COUT[0]     ;       ; 3.665 ; 4.230 ;       ;
; S[2]       ; COUT[1]     ;       ; 3.819 ; 4.367 ;       ;
; S[2]       ; COUT[2]     ;       ; 3.836 ; 4.380 ;       ;
; S[2]       ; COUT[3]     ;       ; 3.836 ; 4.378 ;       ;
; S[2]       ; COUT[4]     ; 3.672 ;       ;       ; 4.234 ;
; S[2]       ; COUT[5]     ; 3.685 ;       ;       ; 4.248 ;
; S[2]       ; COUT[6]     ; 3.799 ;       ;       ; 4.384 ;
; S[2]       ; COUT[7]     ; 3.652 ;       ;       ; 4.195 ;
+------------+-------------+-------+-------+-------+-------+


+------------------------------------------------------------------------------------------------------------------------------------------------------------------------------------------------------------------------------------------------------------------------------------------------------------------------------------------------------------------+
; Board Trace Model Assignments                                                                                                                                                                                                                                                                                                                                    ;
+---------------+--------------+-------------------+-------------------------+-------------------------+---------------+---------------------+----------------+------------------+--------+------------------+------------------------+------------------------+--------------+---------------+-----------------+-------+---------------------+--------------------+
; Pin           ; I/O Standard ; Near Tline Length ; Near Tline L per Length ; Near Tline C per Length ; Near Series R ; Near Differential R ; Near Pull-up R ; Near Pull-down R ; Near C ; Far Tline Length ; Far Tline L per Length ; Far Tline C per Length ; Far Series R ; Far Pull-up R ; Far Pull-down R ; Far C ; Termination Voltage ; Far Differential R ;
+---------------+--------------+-------------------+-------------------------+-------------------------+---------------+---------------------+----------------+------------------+--------+------------------+------------------------+------------------------+--------------+---------------+-----------------+-------+---------------------+--------------------+
; COUT[0]       ; 2.5 V        ; 0 in              ; 0 H/in                  ; 0 F/in                  ; short         ; -                   ; open           ; open             ; open   ; 0 in             ; 0 H/in                 ; 0 F/in                 ; short        ; open          ; open            ; open  ; 0 V                 ; -                  ;
; COUT[1]       ; 2.5 V        ; 0 in              ; 0 H/in                  ; 0 F/in                  ; short         ; -                   ; open           ; open             ; open   ; 0 in             ; 0 H/in                 ; 0 F/in                 ; short        ; open          ; open            ; open  ; 0 V                 ; -                  ;
; COUT[2]       ; 2.5 V        ; 0 in              ; 0 H/in                  ; 0 F/in                  ; short         ; -                   ; open           ; open             ; open   ; 0 in             ; 0 H/in                 ; 0 F/in                 ; short        ; open          ; open            ; open  ; 0 V                 ; -                  ;
; COUT[3]       ; 2.5 V        ; 0 in              ; 0 H/in                  ; 0 F/in                  ; short         ; -                   ; open           ; open             ; open   ; 0 in             ; 0 H/in                 ; 0 F/in                 ; short        ; open          ; open            ; open  ; 0 V                 ; -                  ;
; COUT[4]       ; 2.5 V        ; 0 in              ; 0 H/in                  ; 0 F/in                  ; short         ; -                   ; open           ; open             ; open   ; 0 in             ; 0 H/in                 ; 0 F/in                 ; short        ; open          ; open            ; open  ; 0 V                 ; -                  ;
; COUT[5]       ; 2.5 V        ; 0 in              ; 0 H/in                  ; 0 F/in                  ; short         ; -                   ; open           ; open             ; open   ; 0 in             ; 0 H/in                 ; 0 F/in                 ; short        ; open          ; open            ; open  ; 0 V                 ; -                  ;
; COUT[6]       ; 2.5 V        ; 0 in              ; 0 H/in                  ; 0 F/in                  ; short         ; -                   ; open           ; open             ; open   ; 0 in             ; 0 H/in                 ; 0 F/in                 ; short        ; open          ; open            ; open  ; 0 V                 ; -                  ;
; COUT[7]       ; 2.5 V        ; 0 in              ; 0 H/in                  ; 0 F/in                  ; short         ; -                   ; open           ; open             ; open   ; 0 in             ; 0 H/in                 ; 0 F/in                 ; short        ; open          ; open            ; open  ; 0 V                 ; -                  ;
; ~ALTERA_DCLK~ ; 2.5 V        ; 0 in              ; 0 H/in                  ; 0 F/in                  ; short         ; -                   ; open           ; open             ; open   ; 0 in             ; 0 H/in                 ; 0 F/in                 ; short        ; open          ; open            ; open  ; 0 V                 ; -                  ;
; ~ALTERA_nCEO~ ; 2.5 V        ; 0 in              ; 0 H/in                  ; 0 F/in                  ; short         ; -                   ; open           ; open             ; open   ; 0 in             ; 0 H/in                 ; 0 F/in                 ; short        ; open          ; open            ; open  ; 0 V                 ; -                  ;
+---------------+--------------+-------------------+-------------------------+-------------------------+---------------+---------------------+----------------+------------------+--------+------------------+------------------------+------------------------+--------------+---------------+-----------------+-------+---------------------+--------------------+


+----------------------------------------------------------------------------+
; Input Transition Times                                                     ;
+-------------------------+--------------+-----------------+-----------------+
; Pin                     ; I/O Standard ; 10-90 Rise Time ; 90-10 Fall Time ;
+-------------------------+--------------+-----------------+-----------------+
; S[0]                    ; 2.5 V        ; 2000 ps         ; 2000 ps         ;
; S[2]                    ; 2.5 V        ; 2000 ps         ; 2000 ps         ;
; S[1]                    ; 2.5 V        ; 2000 ps         ; 2000 ps         ;
; ~ALTERA_ASDO_DATA1~     ; 2.5 V        ; 2000 ps         ; 2000 ps         ;
; ~ALTERA_FLASH_nCE_nCSO~ ; 2.5 V        ; 2000 ps         ; 2000 ps         ;
; ~ALTERA_DATA0~          ; 2.5 V        ; 2000 ps         ; 2000 ps         ;
+-------------------------+--------------+-----------------+-----------------+


+--------------------------------------------------------------------------------------------------------------------------------------------------------------------------------------------------------------------------------------------------------------------------------------------------------------------------------------------------------------------------------------------------------------------------------------------------------------------------------------------------------------------------------------------------------------------------------------------------------------------------------------------------------------------------------------------+
; Slow Corner Signal Integrity Metrics                                                                                                                                                                                                                                                                                                                                                                                                                                                                                                                                                                                                                                                       ;
+---------------+--------------+---------------------+---------------------+------------------------------+------------------------------+---------------------+---------------------+--------------------------------------+--------------------------------------+-----------------------------+-----------------------------+----------------------------+----------------------------+-----------------------------+-----------------------------+--------------------+--------------------+-------------------------------------+-------------------------------------+----------------------------+----------------------------+---------------------------+---------------------------+
; Pin           ; I/O Standard ; Board Delay on Rise ; Board Delay on Fall ; Steady State Voh at FPGA Pin ; Steady State Vol at FPGA Pin ; Voh Max at FPGA Pin ; Vol Min at FPGA Pin ; Ringback Voltage on Rise at FPGA Pin ; Ringback Voltage on Fall at FPGA Pin ; 10-90 Rise Time at FPGA Pin ; 90-10 Fall Time at FPGA Pin ; Monotonic Rise at FPGA Pin ; Monotonic Fall at FPGA Pin ; Steady State Voh at Far-end ; Steady State Vol at Far-end ; Voh Max at Far-end ; Vol Min at Far-end ; Ringback Voltage on Rise at Far-end ; Ringback Voltage on Fall at Far-end ; 10-90 Rise Time at Far-end ; 90-10 Fall Time at Far-end ; Monotonic Rise at Far-end ; Monotonic Fall at Far-end ;
+---------------+--------------+---------------------+---------------------+------------------------------+------------------------------+---------------------+---------------------+--------------------------------------+--------------------------------------+-----------------------------+-----------------------------+----------------------------+----------------------------+-----------------------------+-----------------------------+--------------------+--------------------+-------------------------------------+-------------------------------------+----------------------------+----------------------------+---------------------------+---------------------------+
; COUT[0]       ; 2.5 V        ; 0 s                 ; 0 s                 ; 2.32 V                       ; 1.95e-007 V                  ; 2.34 V              ; -0.00565 V          ; 0.078 V                              ; 0.022 V                              ; 9.09e-010 s                 ; 8.84e-010 s                 ; Yes                        ; Yes                        ; 2.32 V                      ; 1.95e-007 V                 ; 2.34 V             ; -0.00565 V         ; 0.078 V                             ; 0.022 V                             ; 9.09e-010 s                ; 8.84e-010 s                ; Yes                       ; Yes                       ;
; COUT[1]       ; 2.5 V        ; 0 s                 ; 0 s                 ; 2.32 V                       ; 1.95e-007 V                  ; 2.34 V              ; -0.00565 V          ; 0.078 V                              ; 0.022 V                              ; 9.09e-010 s                 ; 8.84e-010 s                 ; Yes                        ; Yes                        ; 2.32 V                      ; 1.95e-007 V                 ; 2.34 V             ; -0.00565 V         ; 0.078 V                             ; 0.022 V                             ; 9.09e-010 s                ; 8.84e-010 s                ; Yes                       ; Yes                       ;
; COUT[2]       ; 2.5 V        ; 0 s                 ; 0 s                 ; 2.32 V                       ; 1.95e-007 V                  ; 2.34 V              ; -0.00565 V          ; 0.078 V                              ; 0.022 V                              ; 9.09e-010 s                 ; 8.84e-010 s                 ; Yes                        ; Yes                        ; 2.32 V                      ; 1.95e-007 V                 ; 2.34 V             ; -0.00565 V         ; 0.078 V                             ; 0.022 V                             ; 9.09e-010 s                ; 8.84e-010 s                ; Yes                       ; Yes                       ;
; COUT[3]       ; 2.5 V        ; 0 s                 ; 0 s                 ; 2.32 V                       ; 1.95e-007 V                  ; 2.34 V              ; -0.00565 V          ; 0.078 V                              ; 0.022 V                              ; 9.09e-010 s                 ; 8.84e-010 s                 ; Yes                        ; Yes                        ; 2.32 V                      ; 1.95e-007 V                 ; 2.34 V             ; -0.00565 V         ; 0.078 V                             ; 0.022 V                             ; 9.09e-010 s                ; 8.84e-010 s                ; Yes                       ; Yes                       ;
; COUT[4]       ; 2.5 V        ; 0 s                 ; 0 s                 ; 2.32 V                       ; 1.95e-007 V                  ; 2.34 V              ; -0.00565 V          ; 0.078 V                              ; 0.022 V                              ; 9.09e-010 s                 ; 8.84e-010 s                 ; Yes                        ; Yes                        ; 2.32 V                      ; 1.95e-007 V                 ; 2.34 V             ; -0.00565 V         ; 0.078 V                             ; 0.022 V                             ; 9.09e-010 s                ; 8.84e-010 s                ; Yes                       ; Yes                       ;
; COUT[5]       ; 2.5 V        ; 0 s                 ; 0 s                 ; 2.32 V                       ; 1.95e-007 V                  ; 2.34 V              ; -0.00565 V          ; 0.078 V                              ; 0.022 V                              ; 9.09e-010 s                 ; 8.84e-010 s                 ; Yes                        ; Yes                        ; 2.32 V                      ; 1.95e-007 V                 ; 2.34 V             ; -0.00565 V         ; 0.078 V                             ; 0.022 V                             ; 9.09e-010 s                ; 8.84e-010 s                ; Yes                       ; Yes                       ;
; COUT[6]       ; 2.5 V        ; 0 s                 ; 0 s                 ; 2.32 V                       ; 1.95e-007 V                  ; 2.34 V              ; -0.00565 V          ; 0.078 V                              ; 0.022 V                              ; 9.09e-010 s                 ; 8.84e-010 s                 ; Yes                        ; Yes                        ; 2.32 V                      ; 1.95e-007 V                 ; 2.34 V             ; -0.00565 V         ; 0.078 V                             ; 0.022 V                             ; 9.09e-010 s                ; 8.84e-010 s                ; Yes                       ; Yes                       ;
; COUT[7]       ; 2.5 V        ; 0 s                 ; 0 s                 ; 2.32 V                       ; 2.9e-007 V                   ; 2.35 V              ; -0.00119 V          ; 0.061 V                              ; 0.002 V                              ; 4.84e-010 s                 ; 4.97e-010 s                 ; Yes                        ; Yes                        ; 2.32 V                      ; 2.9e-007 V                  ; 2.35 V             ; -0.00119 V         ; 0.061 V                             ; 0.002 V                             ; 4.84e-010 s                ; 4.97e-010 s                ; Yes                       ; Yes                       ;
; ~ALTERA_DCLK~ ; 2.5 V        ; 0 s                 ; 0 s                 ; 2.32 V                       ; 1.53e-007 V                  ; 2.34 V              ; -0.00825 V          ; 0.106 V                              ; 0.017 V                              ; 6.53e-010 s                 ; 5.54e-010 s                 ; Yes                        ; Yes                        ; 2.32 V                      ; 1.53e-007 V                 ; 2.34 V             ; -0.00825 V         ; 0.106 V                             ; 0.017 V                             ; 6.53e-010 s                ; 5.54e-010 s                ; Yes                       ; Yes                       ;
; ~ALTERA_nCEO~ ; 2.5 V        ; 0 s                 ; 0 s                 ; 2.32 V                       ; 2.51e-007 V                  ; 2.34 V              ; -0.00345 V          ; 0.118 V                              ; 0.017 V                              ; 8.67e-010 s                 ; 1.08e-009 s                 ; Yes                        ; Yes                        ; 2.32 V                      ; 2.51e-007 V                 ; 2.34 V             ; -0.00345 V         ; 0.118 V                             ; 0.017 V                             ; 8.67e-010 s                ; 1.08e-009 s                ; Yes                       ; Yes                       ;
+---------------+--------------+---------------------+---------------------+------------------------------+------------------------------+---------------------+---------------------+--------------------------------------+--------------------------------------+-----------------------------+-----------------------------+----------------------------+----------------------------+-----------------------------+-----------------------------+--------------------+--------------------+-------------------------------------+-------------------------------------+----------------------------+----------------------------+---------------------------+---------------------------+


+--------------------------------------------------------------------------------------------------------------------------------------------------------------------------------------------------------------------------------------------------------------------------------------------------------------------------------------------------------------------------------------------------------------------------------------------------------------------------------------------------------------------------------------------------------------------------------------------------------------------------------------------------------------------------------------------+
; Fast Corner Signal Integrity Metrics                                                                                                                                                                                                                                                                                                                                                                                                                                                                                                                                                                                                                                                       ;
+---------------+--------------+---------------------+---------------------+------------------------------+------------------------------+---------------------+---------------------+--------------------------------------+--------------------------------------+-----------------------------+-----------------------------+----------------------------+----------------------------+-----------------------------+-----------------------------+--------------------+--------------------+-------------------------------------+-------------------------------------+----------------------------+----------------------------+---------------------------+---------------------------+
; Pin           ; I/O Standard ; Board Delay on Rise ; Board Delay on Fall ; Steady State Voh at FPGA Pin ; Steady State Vol at FPGA Pin ; Voh Max at FPGA Pin ; Vol Min at FPGA Pin ; Ringback Voltage on Rise at FPGA Pin ; Ringback Voltage on Fall at FPGA Pin ; 10-90 Rise Time at FPGA Pin ; 90-10 Fall Time at FPGA Pin ; Monotonic Rise at FPGA Pin ; Monotonic Fall at FPGA Pin ; Steady State Voh at Far-end ; Steady State Vol at Far-end ; Voh Max at Far-end ; Vol Min at Far-end ; Ringback Voltage on Rise at Far-end ; Ringback Voltage on Fall at Far-end ; 10-90 Rise Time at Far-end ; 90-10 Fall Time at Far-end ; Monotonic Rise at Far-end ; Monotonic Fall at Far-end ;
+---------------+--------------+---------------------+---------------------+------------------------------+------------------------------+---------------------+---------------------+--------------------------------------+--------------------------------------+-----------------------------+-----------------------------+----------------------------+----------------------------+-----------------------------+-----------------------------+--------------------+--------------------+-------------------------------------+-------------------------------------+----------------------------+----------------------------+---------------------------+---------------------------+
; COUT[0]       ; 2.5 V        ; 0 s                 ; 0 s                 ; 2.62 V                       ; 2.78e-008 V                  ; 2.71 V              ; -0.0351 V           ; 0.253 V                              ; 0.068 V                              ; 4.96e-010 s                 ; 5.19e-010 s                 ; No                         ; Yes                        ; 2.62 V                      ; 2.78e-008 V                 ; 2.71 V             ; -0.0351 V          ; 0.253 V                             ; 0.068 V                             ; 4.96e-010 s                ; 5.19e-010 s                ; No                        ; Yes                       ;
; COUT[1]       ; 2.5 V        ; 0 s                 ; 0 s                 ; 2.62 V                       ; 2.78e-008 V                  ; 2.71 V              ; -0.0351 V           ; 0.253 V                              ; 0.068 V                              ; 4.96e-010 s                 ; 5.19e-010 s                 ; No                         ; Yes                        ; 2.62 V                      ; 2.78e-008 V                 ; 2.71 V             ; -0.0351 V          ; 0.253 V                             ; 0.068 V                             ; 4.96e-010 s                ; 5.19e-010 s                ; No                        ; Yes                       ;
; COUT[2]       ; 2.5 V        ; 0 s                 ; 0 s                 ; 2.62 V                       ; 2.78e-008 V                  ; 2.71 V              ; -0.0351 V           ; 0.253 V                              ; 0.068 V                              ; 4.96e-010 s                 ; 5.19e-010 s                 ; No                         ; Yes                        ; 2.62 V                      ; 2.78e-008 V                 ; 2.71 V             ; -0.0351 V          ; 0.253 V                             ; 0.068 V                             ; 4.96e-010 s                ; 5.19e-010 s                ; No                        ; Yes                       ;
; COUT[3]       ; 2.5 V        ; 0 s                 ; 0 s                 ; 2.62 V                       ; 2.78e-008 V                  ; 2.71 V              ; -0.0351 V           ; 0.253 V                              ; 0.068 V                              ; 4.96e-010 s                 ; 5.19e-010 s                 ; No                         ; Yes                        ; 2.62 V                      ; 2.78e-008 V                 ; 2.71 V             ; -0.0351 V          ; 0.253 V                             ; 0.068 V                             ; 4.96e-010 s                ; 5.19e-010 s                ; No                        ; Yes                       ;
; COUT[4]       ; 2.5 V        ; 0 s                 ; 0 s                 ; 2.62 V                       ; 2.78e-008 V                  ; 2.71 V              ; -0.0351 V           ; 0.253 V                              ; 0.068 V                              ; 4.96e-010 s                 ; 5.19e-010 s                 ; No                         ; Yes                        ; 2.62 V                      ; 2.78e-008 V                 ; 2.71 V             ; -0.0351 V          ; 0.253 V                             ; 0.068 V                             ; 4.96e-010 s                ; 5.19e-010 s                ; No                        ; Yes                       ;
; COUT[5]       ; 2.5 V        ; 0 s                 ; 0 s                 ; 2.62 V                       ; 2.78e-008 V                  ; 2.71 V              ; -0.0351 V           ; 0.253 V                              ; 0.068 V                              ; 4.96e-010 s                 ; 5.19e-010 s                 ; No                         ; Yes                        ; 2.62 V                      ; 2.78e-008 V                 ; 2.71 V             ; -0.0351 V          ; 0.253 V                             ; 0.068 V                             ; 4.96e-010 s                ; 5.19e-010 s                ; No                        ; Yes                       ;
; COUT[6]       ; 2.5 V        ; 0 s                 ; 0 s                 ; 2.62 V                       ; 2.78e-008 V                  ; 2.71 V              ; -0.0351 V           ; 0.253 V                              ; 0.068 V                              ; 4.96e-010 s                 ; 5.19e-010 s                 ; No                         ; Yes                        ; 2.62 V                      ; 2.78e-008 V                 ; 2.71 V             ; -0.0351 V          ; 0.253 V                             ; 0.068 V                             ; 4.96e-010 s                ; 5.19e-010 s                ; No                        ; Yes                       ;
; COUT[7]       ; 2.5 V        ; 0 s                 ; 0 s                 ; 2.62 V                       ; 4.11e-008 V                  ; 2.73 V              ; -0.0566 V           ; 0.191 V                              ; 0.12 V                               ; 2.69e-010 s                 ; 2.76e-010 s                 ; Yes                        ; Yes                        ; 2.62 V                      ; 4.11e-008 V                 ; 2.73 V             ; -0.0566 V          ; 0.191 V                             ; 0.12 V                              ; 2.69e-010 s                ; 2.76e-010 s                ; Yes                       ; Yes                       ;
; ~ALTERA_DCLK~ ; 2.5 V        ; 0 s                 ; 0 s                 ; 2.62 V                       ; 2.19e-008 V                  ; 2.72 V              ; -0.0748 V           ; 0.28 V                               ; 0.169 V                              ; 3.1e-010 s                  ; 3.01e-010 s                 ; No                         ; Yes                        ; 2.62 V                      ; 2.19e-008 V                 ; 2.72 V             ; -0.0748 V          ; 0.28 V                              ; 0.169 V                             ; 3.1e-010 s                 ; 3.01e-010 s                ; No                        ; Yes                       ;
; ~ALTERA_nCEO~ ; 2.5 V        ; 0 s                 ; 0 s                 ; 2.62 V                       ; 3.53e-008 V                  ; 2.7 V               ; -0.021 V            ; 0.204 V                              ; 0.05 V                               ; 4.85e-010 s                 ; 6.73e-010 s                 ; No                         ; Yes                        ; 2.62 V                      ; 3.53e-008 V                 ; 2.7 V              ; -0.021 V           ; 0.204 V                             ; 0.05 V                              ; 4.85e-010 s                ; 6.73e-010 s                ; No                        ; Yes                       ;
+---------------+--------------+---------------------+---------------------+------------------------------+------------------------------+---------------------+---------------------+--------------------------------------+--------------------------------------+-----------------------------+-----------------------------+----------------------------+----------------------------+-----------------------------+-----------------------------+--------------------+--------------------+-------------------------------------+-------------------------------------+----------------------------+----------------------------+---------------------------+---------------------------+


-------------------
; Clock Transfers ;
-------------------
No clock transfers to report.


---------------
; Report TCCS ;
---------------
No dedicated SERDES Transmitter circuitry present in device or used in design.


---------------
; Report RSKM ;
---------------
No dedicated SERDES Receiver circuitry present in device or used in design.


+------------------------------------------------+
; Unconstrained Paths                            ;
+---------------------------------+-------+------+
; Property                        ; Setup ; Hold ;
+---------------------------------+-------+------+
; Illegal Clocks                  ; 0     ; 0    ;
; Unconstrained Clocks            ; 0     ; 0    ;
; Unconstrained Input Ports       ; 3     ; 3    ;
; Unconstrained Input Port Paths  ; 24    ; 24   ;
; Unconstrained Output Ports      ; 8     ; 8    ;
; Unconstrained Output Port Paths ; 24    ; 24   ;
+---------------------------------+-------+------+


+------------------------------------+
; TimeQuest Timing Analyzer Messages ;
+------------------------------------+
Info: *******************************************************************
Info: Running Quartus II TimeQuest Timing Analyzer
    Info: Version 8.1 Build 163 10/28/2008 SJ Web Edition
    Info: Processing started: Mon Apr 17 06:32:58 2017
Info: Command: quartus_sta Decode3_8 -c Decode3_8
Info: qsta_default_script.tcl version: #2
Info: Parallel compilation is enabled and will use 2 of the 2 processors detected
Critical Warning: Synopsys Design Constraints File file not found: 'Decode3_8.sdc'. A Synopsys Design Constraints File is required by the TimeQuest Timing Analyzer to get proper timing constraints. Without it, the Compiler will not properly optimize the design.
Info: No user constrained base clocks found in the design. Calling "derive_clocks -period 1.0"
Info: The command derive_clocks did not find any clocks to derive.  No clocks were created or changed.
Warning: No clocks defined in design.
Info: No clocks to report
Info: Analyzing Slow 1200mV 85C Model
Info: No fmax paths to report
Info: No setup paths to report
Info: No hold paths to report
Info: No recovery paths to report
Info: No removal paths to report
Warning: At least one of the filters had some problems and could not be matched.
    Warning: * could not be matched with a register.
Info: No minimum pulse width or minimum period width checks to report
Info: Analyzing Slow 1200mV 0C Model
Info: Started post-fitting delay annotation
Info: Delay annotation completed successfully
Info: No user constrained base clocks found in the design. Calling "derive_clocks -period 1.0"
Info: The command derive_clocks did not find any clocks to derive.  No clocks were created or changed.
Warning: No clocks defined in design.
Info: No fmax paths to report
Info: No setup paths to report
Info: No hold paths to report
Info: No recovery paths to report
Info: No removal paths to report
Warning: At least one of the filters had some problems and could not be matched.
    Warning: * could not be matched with a register.
Info: No minimum pulse width or minimum period width checks to report
Info: Analyzing Fast 1200mV 0C Model
Info: Started post-fitting delay annotation
Info: Delay annotation completed successfully
Info: No user constrained base clocks found in the design. Calling "derive_clocks -period 1.0"
Info: The command derive_clocks did not find any clocks to derive.  No clocks were created or changed.
Warning: No clocks defined in design.
Info: No setup paths to report
Info: No hold paths to report
Info: No recovery paths to report
Info: No removal paths to report
Warning: At least one of the filters had some problems and could not be matched.
    Warning: * could not be matched with a register.
Info: No minimum pulse width or minimum period width checks to report
Warning: At least one of the filters had some problems and could not be matched.
    Warning: * could not be matched with a clock.
Info: Design is not fully constrained for setup requirements
Info: Design is not fully constrained for hold requirements
Info: Parallel compilation was enabled and used an average of 1.0 processors and a maximum of 2 processors out of 2 processors allowed
    Info: Less than 1% of process time was spent using more than one processor
Info: Quartus II TimeQuest Timing Analyzer was successful. 0 errors, 12 warnings
    Info: Peak virtual memory: 262 megabytes
    Info: Processing ended: Mon Apr 17 06:33:03 2017
    Info: Elapsed time: 00:00:05
    Info: Total CPU time (on all processors): 00:00:02


