Assembler report for Decode3_8
Mon Apr 17 06:32:56 2017
Quartus II Version 8.1 Build 163 10/28/2008 SJ Web Edition


---------------------
; Table of Contents ;
---------------------
  1. Legal Notice
  2. Assembler Summary
  3. Assembler Settings
  4. Assembler Generated Files
  5. Assembler Device Options: E:/计算机组成原理实验/DemoRi/Decode3_8.sof
  6. Assembler Messages



----------------
; Legal Notice ;
----------------
Copyright (C) 1991-2008 Altera Corporation
Your use of Altera Corporation's design tools, logic functions 
and other software and tools, and its AMPP partner logic 
functions, and any output files from any of the foregoing 
(including device programming or simulation files), and any 
associated documentation or information are expressly subject 
to the terms and conditions of the Altera Program License 
Subscription Agreement, Altera MegaCore Function License 
Agreement, or other applicable license agreement, including, 
without limitation, that your use is for the sole purpose of 
programming logic devices manufactured by Altera and sold by 
Altera or its authorized distributors.  Please refer to the 
applicable agreement for further details.



+---------------------------------------------------------------+
; Assembler Summary                                             ;
+-----------------------+---------------------------------------+
; Assembler Status      ; Successful - Mon Apr 17 06:32:56 2017 ;
; Revision Name         ; Decode3_8                             ;
; Top-level Entity Name ; Decode3_8                             ;
; Family                ; Cyclone III                           ;
; Device                ; EP3C40F780C8                          ;
+-----------------------+---------------------------------------+


+--------------------------------------------------------------------------------------------------------+
; Assembler Settings                                                                                     ;
+-----------------------------------------------------------------------------+----------+---------------+
; Option                                                                      ; Setting  ; Default Value ;
+-----------------------------------------------------------------------------+----------+---------------+
; Use smart compilation                                                       ; Off      ; Off           ;
; Generate compressed bitstreams                                              ; On       ; On            ;
; Compression mode                                                            ; Off      ; Off           ;
; Clock source for configuration device                                       ; Internal ; Internal      ;
; Clock frequency of the configuration device                                 ; 10 MHZ   ; 10 MHz        ;
; Divide clock frequency by                                                   ; 1        ; 1             ;
; Auto user code                                                              ; Off      ; Off           ;
; Use configuration device                                                    ; Off      ; Off           ;
; Configuration device                                                        ; Auto     ; Auto          ;
; Configuration device auto user code                                         ; Off      ; Off           ;
; Generate Tabular Text File (.ttf) For Target Device                         ; Off      ; Off           ;
; Generate Raw Binary File (.rbf) For Target Device                           ; Off      ; Off           ;
; Generate Hexadecimal (Intel-Format) Output File (.hexout) for Target Device ; Off      ; Off           ;
; Hexadecimal Output File start address                                       ; 0        ; 0             ;
; Hexadecimal Output File count direction                                     ; Up       ; Up            ;
; Release clears before tri-states                                            ; Off      ; Off           ;
; Auto-restart configuration after error                                      ; On       ; On            ;
; Enable OCT_DONE                                                             ; Off      ; Off           ;
+-----------------------------------------------------------------------------+----------+---------------+


+--------------------------------------------+
; Assembler Generated Files                  ;
+--------------------------------------------+
; File Name                                  ;
+--------------------------------------------+
; E:/计算机组成原理实验/DemoRi/Decode3_8.sof ;
+--------------------------------------------+


+----------------------------------------------------------------------+
; Assembler Device Options: E:/计算机组成原理实验/DemoRi/Decode3_8.sof ;
+----------------+-----------------------------------------------------+
; Option         ; Setting                                             ;
+----------------+-----------------------------------------------------+
; Device         ; EP3C40F780C8                                        ;
; JTAG usercode  ; 0xFFFFFFFF                                          ;
; Checksum       ; 0x001E092D                                          ;
+----------------+-----------------------------------------------------+


+--------------------+
; Assembler Messages ;
+--------------------+
Info: *******************************************************************
Info: Running Quartus II Assembler
    Info: Version 8.1 Build 163 10/28/2008 SJ Web Edition
    Info: Processing started: Mon Apr 17 06:32:53 2017
Info: Command: quartus_asm --read_settings_files=off --write_settings_files=off Decode3_8 -c Decode3_8
Info: Writing out detailed assembly data for power analysis
Info: Assembler is generating device programming files
Info: Quartus II Assembler was successful. 0 errors, 0 warnings
    Info: Peak virtual memory: 278 megabytes
    Info: Processing ended: Mon Apr 17 06:32:57 2017
    Info: Elapsed time: 00:00:04
    Info: Total CPU time (on all processors): 00:00:02


